#
# A fatal error has been detected by the Java Runtime Environment:
#
#  EXCEPTION_ACCESS_VIOLATION (0xc0000005) at pc=0x00007ff972323c20, pid=9676, tid=10992
#
# JRE version: Java(TM) SE Runtime Environment (19.0.1+10) (build 19.0.1+10-21)
# Java VM: Java HotSpot(TM) 64-Bit Server VM (19.0.1+10-21, mixed mode, sharing, tiered, compressed oops, compressed class ptrs, g1 gc, windows-amd64)
# Problematic frame:
# V  [jvm.dll+0x1a3c20]
#
# No core dump will be written. Minidumps are not enabled by default on client versions of Windows
#
# If you would like to submit a bug report, please visit:
#   https://bugreport.java.com/bugreport/crash.jsp
#

---------------  S U M M A R Y ------------

Command Line: -javaagent:C:\Program Files\JetBrains\IntelliJ IDEA Community Edition 2023.1.1\lib\idea_rt.jar=50262:C:\Program Files\JetBrains\IntelliJ IDEA Community Edition 2023.1.1\bin -Dfile.encoding=UTF-8 -Dsun.stdout.encoding=UTF-8 -Dsun.stderr.encoding=UTF-8 --module-path=C:\Users\levi\.m2\repository\com\fasterxml\jackson\core\jackson-databind\2.12.1\jackson-databind-2.12.1.jar;C:\Users\levi\.m2\repository\org\kordamp\bootstrapfx\bootstrapfx-core\0.4.0\bootstrapfx-core-0.4.0.jar;C:\Users\levi\.m2\repository\com\github\almasb\fxgl\17.2\fxgl-17.2.jar;C:\Users\levi\.m2\repository\org\openjfx\javafx-controls\19.0.2\javafx-controls-19.0.2-win.jar;C:\Users\levi\.m2\repository\org\openjfx\javafx-graphics\19.0.2\javafx-graphics-19.0.2-win.jar;C:\Users\levi\.m2\repository\com\gluonhq\attach\storage\4.0.13\storage-4.0.13.jar;C:\Users\levi\.m2\repository\org\jetbrains\kotlin\kotlin-stdlib\1.6.0\kotlin-stdlib-1.6.0-modular.jar;C:\Users\levi\.m2\repository\org\controlsfx\controlsfx\11.1.2\controlsfx-11.1.2.jar;C:\Users\levi\.m2\repository\com\github\almasb\fxgl-io\17.2\fxgl-io-17.2.jar;C:\Users\levi\.m2\repository\com\github\almasb\fxgl-scene\17.2\fxgl-scene-17.2.jar;C:\Users\levi\IdeaProjects\CasaDosSonhos\target\classes;C:\Users\levi\.m2\repository\org\jetbrains\annotations\13.0\annotations-13.0.jar;C:\Users\levi\.m2\repository\com\github\almasb\fxgl-core\17.2\fxgl-core-17.2.jar;C:\Users\levi\.m2\repository\com\github\almasb\fxgl-gameplay\17.2\fxgl-gameplay-17.2.jar;C:\Users\levi\.m2\repository\com\github\almasb\fxgl-entity\17.2\fxgl-entity-17.2.jar;C:\Users\levi\.m2\repository\org\openjfx\javafx-base\19.0.2\javafx-base-19.0.2-win.jar;C:\Users\levi\.m2\repository\com\fasterxml\jackson\core\jackson-annotations\2.12.1\jackson-annotations-2.12.1.jar;C:\Users\levi\.m2\repository\org\openjfx\javafx-media\19.0.2\javafx-media-19.0.2-win.jar;C:\Users\levi\.m2\repository\com\fasterxml\jackson\core\jackson-core\2.12.1\jackson-core-2.12.1.jar;C:\Users\levi\.m2\repository\org\openjfx\javafx-fxml\19.0.2\javafx-fxml-19.0.2-win.jar;C:\Users\levi\.m2\repository\com\gluonhq\attach\audio\4.0.13\audio-4.0.13.jar;C:\Users\levi\.m2\repository\com\gluonhq\attach\util\4.0.13\util-4.0.13.jar;C:\Users\levi\.m2\repository\com\gluonhq\attach\lifecycle\4.0.-Djdk.module.main=com.example.casadossonhos com.example.casadossonhos/com.example.casadossonhos.Main

Host: Intel(R) Core(TM) i5-4210U CPU @ 1.70GHz, 4 cores, 7G,  Windows 10 , 64 bit Build 18362 (10.0.18362.1500)
Time: Sun Jan  7 16:42:50 2024 Hora oficial do Brasil elapsed time: 2.734155 seconds (0d 0h 0m 2s)

---------------  T H R E A D  ---------------

Current thread (0x00000219ffb1f060):  JavaThread "C1 CompilerThread0" daemon [_thread_in_native, id=10992, stack(0x000000fcb5900000,0x000000fcb5a00000)]


Current CompileTask:
C1:   2742 1717       3       javafx.scene.Node::transformedBoundsChanged (43 bytes)

Stack: [0x000000fcb5900000,0x000000fcb5a00000],  sp=0x000000fcb59fdb00,  free space=1014k
Native frames: (J=compiled Java code, j=interpreted, Vv=VM code, C=native code)
V  [jvm.dll+0x1a3c20]
V  [jvm.dll+0x1a334c]
V  [jvm.dll+0x1acc1b]
V  [jvm.dll+0x1a44c8]
V  [jvm.dll+0x1a7c5f]
V  [jvm.dll+0x161743]
V  [jvm.dll+0x161022]
V  [jvm.dll+0x161278]
V  [jvm.dll+0x1606d6]
V  [jvm.dll+0x1623cd]
V  [jvm.dll+0x25b0fa]
V  [jvm.dll+0x259588]
V  [jvm.dll+0x807928]
V  [jvm.dll+0x8015fa]
V  [jvm.dll+0x6ed5eb]
C  [ucrtbase.dll+0x210b2]
C  [KERNEL32.DLL+0x17c24]
C  [ntdll.dll+0x6d721]


siginfo: EXCEPTION_ACCESS_VIOLATION (0xc0000005), reading address 0x000000000000803c


Registers:
RAX=0x0000000000008000, RBX=0x000000fcb59fe170, RCX=0x00000219a1bef820, RDX=0x0000000000000102
RSP=0x000000fcb59fdb00, RBP=0x00000219a1bef768, RSI=0x0000000000000000, RDI=0xffffffffffffffff
R8 =0x00000000000000a5, R9 =0x00000219ffb35148, R10=0x00000219ffb35158, R11=0x00000219ffb35158
R12=0x00000219ffae6a60, R13=0x000000fcb59ff730, R14=0x0000000000000000, R15=0x0000000000000000
RIP=0x00007ff972323c20, EFLAGS=0x0000000000010206


Register to memory mapping:

RIP=0x00007ff972323c20 jvm.dll
RAX=0x0000000000008000 is an unknown value
RBX=0x000000fcb59fe170 is pointing into the stack for thread: 0x00000219ffb1f060
RCX=0x00000219a1bef820 points into unknown readable memory: 0x000000a5000000a4 | a4 00 00 00 a5 00 00 00
RDX=0x0000000000000102 is an unknown value
RSP=0x000000fcb59fdb00 is pointing into the stack for thread: 0x00000219ffb1f060
RBP=0x00000219a1bef768 points into unknown readable memory: 0x0000000b00000260 | 60 02 00 00 0b 00 00 00
RSI=0x0 is NULL
RDI=0xffffffffffffffff is an unknown value
R8 =0x00000000000000a5 is an unknown value
R9 =0x00000219ffb35148 points into unknown readable memory: 0x7fffffff7fffffff | ff ff ff 7f ff ff ff 7f
R10=0x00000219ffb35158 points into unknown readable memory: 0x00000063ffffffff | ff ff ff ff 63 00 00 00
R11=0x00000219ffb35158 points into unknown readable memory: 0x00000063ffffffff | ff ff ff ff 63 00 00 00
R12=0x00000219ffae6a60 points into unknown readable memory: 0x00007ff972adcd70 | 70 cd ad 72 f9 7f 00 00
R13=0x000000fcb59ff730 is pointing into the stack for thread: 0x00000219ffb1f060
R14=0x0 is NULL
R15=0x0 is NULL


Top of Stack: (sp=0x000000fcb59fdb00)
0x000000fcb59fdb00:   000000fcb59fe170 00000000000000a5
0x000000fcb59fdb10:   000000fcb59fe170 0000000000000000
0x000000fcb59fdb20:   00000000ffffffff 000000fcb59fdb70
0x000000fcb59fdb30:   0000000000000000 000000fcb59ff730
0x000000fcb59fdb40:   00000219ffae6a60 000000fcb59fe170
0x000000fcb59fdb50:   0000000000000001 000000007fffffff
0x000000fcb59fdb60:   00000219a1bef768 00007ff97232334c
0x000000fcb59fdb70:   00000219a1bf2200 00000219a1bef768
0x000000fcb59fdb80:   0000000000000000 00000219000002c2
0x000000fcb59fdb90:   00000000000000a4 00000000000000a4
0x000000fcb59fdba0:   000000fcb59fe170 00007ff97232cc1b
0x000000fcb59fdbb0:   000000007fffffff 00000219ffae6a60
0x000000fcb59fdbc0:   0000000000000000 00007ff972cd0100
0x000000fcb59fdbd0:   00000219a2276850 00007ff9723244c8
0x000000fcb59fdbe0:   00000219ffb35158 00000219ffb35158
0x000000fcb59fdbf0:   00000219a11e4ed8 00000219a1921e30 

Instructions: (pc=0x00007ff972323c20)
0x00007ff972323b20:   cf 48 8b cb e8 47 4c 00 00 4c 8b 53 40 4c 3b 15
0x00007ff972323b30:   44 42 a2 00 4c 8b 0d 35 42 a2 00 0f 84 c4 00 00
0x00007ff972323b40:   00 0f 1f 40 00 66 66 66 0f 1f 84 00 00 00 00 00
0x00007ff972323b50:   48 8b 4d 28 49 8b 42 28 0f 1f 84 00 00 00 00 00
0x00007ff972323b60:   44 8b 00 8b 11 44 3b c2 7d 10 39 50 04 7f 42 48
0x00007ff972323b70:   8b 40 08 49 3b c1 75 e8 eb 7a 7e 11 44 39 41 04
0x00007ff972323b80:   7f 2c 48 8b 49 08 49 3b c9 75 d5 eb 67 44 3b 40
0x00007ff972323b90:   04 75 0b 48 8b 40 08 49 3b c1 75 c4 eb 56 3b 51
0x00007ff972323ba0:   04 75 0b 48 8b 49 08 49 3b c9 75 b4 eb 46 41 8b
0x00007ff972323bb0:   d0 83 fa ff 74 3e 49 63 42 3c 3b 43 58 7c 16 3b
0x00007ff972323bc0:   43 5c 7f 11 39 54 83 68 7e 0b 89 54 83 68 4c 8b
0x00007ff972323bd0:   0d 9b 41 a2 00 49 63 42 40 3b 43 58 7c 16 3b 43
0x00007ff972323be0:   5c 7f 11 39 54 83 68 7e 0b 89 54 83 68 4c 8b 0d
0x00007ff972323bf0:   7c 41 a2 00 4d 8b 52 30 4c 3b 15 79 41 a2 00 0f
0x00007ff972323c00:   85 4b ff ff ff 48 8b 85 80 00 00 00 48 c7 c7 ff
0x00007ff972323c10:   ff ff ff 4c 89 b4 24 80 00 00 00 48 85 c0 74 3a
0x00007ff972323c20:   83 78 3c 37 0f 86 db 00 00 00 48 8b 48 60 48 85
0x00007ff972323c30:   c9 74 27 48 63 01 85 c0 7e 20 48 8b 49 08 48 8b
0x00007ff972323c40:   d0 48 8b 01 83 78 3c 37 0f 86 ae 00 00 00 48 ff
0x00007ff972323c50:   c6 48 83 c1 08 48 3b f2 7c e7 44 8b c7 44 8b f7
0x00007ff972323c60:   48 8b 4d 08 44 8b 7d 44 44 8b 29 41 ff c5 44 3b
0x00007ff972323c70:   ff 75 21 48 8b 41 08 49 3b c1 74 10 0f 1f 40 00
0x00007ff972323c80:   48 8b c8 48 8b 40 08 49 3b c1 75 f4 44 8b 79 04
0x00007ff972323c90:   44 89 7d 44 45 32 e4 44 88 64 24 70 44 38 63 64
0x00007ff972323ca0:   0f 84 ea 00 00 00 48 63 53 58 8b ef 8b 73 5c 3b
0x00007ff972323cb0:   d6 0f 8d 35 01 00 00 4d 63 c8 48 8b c2 4c 8d 43
0x00007ff972323cc0:   6c 4c 8b d7 4d 8d 04 90 4c 8b df 0f 1f 44 00 00
0x00007ff972323cd0:   41 8b 48 fc 41 3b cf 7c 50 45 39 38 7c 4b 49 83
0x00007ff972323ce0:   fa ff 74 11 49 3b c1 74 0c 42 3b 4c 93 68 7d 5f
0x00007ff972323cf0:   4d 3b d1 74 5a 8b fa 4c 8b d0 eb 53 48 85 c0 0f
0x00007ff972323d00:   84 55 ff ff ff 83 7b 60 02 44 8b 40 3c 44 8b 70
0x00007ff972323d10:   40 0f 85 49 ff ff ff 83 38 10 0f 8d 40 ff ff ff 


Stack slot to memory mapping:
stack at sp + 0 slots: 0x000000fcb59fe170 is pointing into the stack for thread: 0x00000219ffb1f060
stack at sp + 1 slots: 0x00000000000000a5 is an unknown value
stack at sp + 2 slots: 0x000000fcb59fe170 is pointing into the stack for thread: 0x00000219ffb1f060
stack at sp + 3 slots: 0x0 is NULL
stack at sp + 4 slots: 0x00000000ffffffff is an unallocated location in the heap
stack at sp + 5 slots: 0x000000fcb59fdb70 is pointing into the stack for thread: 0x00000219ffb1f060
stack at sp + 6 slots: 0x0 is NULL
stack at sp + 7 slots: 0x000000fcb59ff730 is pointing into the stack for thread: 0x00000219ffb1f060


---------------  P R O C E S S  ---------------

Threads class SMR info:
_java_thread_list=0x00000219a2ac6a30, length=20, elements={
0x00000219fe97a530, 0x00000219ffb0ff90, 0x00000219ffb10df0, 0x00000219ffb13590,
0x00000219ffb15140, 0x00000219ffb19550, 0x00000219ffb1c930, 0x00000219ffb1d610,
0x00000219ffb1f060, 0x00000219ffb33af0, 0x00000219ffae2180, 0x00000219a1a000d0,
0x00000219a1365c90, 0x00000219a12f10c0, 0x00000219a237a5f0, 0x00000219a1e7e1c0,
0x00000219a2023f40, 0x00000219a159ee50, 0x00000219a2394810, 0x00000219a2393820
}

Java Threads: ( => current thread )
  0x00000219fe97a530 JavaThread "main" [_thread_blocked, id=4092, stack(0x000000fcb4b00000,0x000000fcb4c00000)]
  0x00000219ffb0ff90 JavaThread "Reference Handler" daemon [_thread_blocked, id=8588, stack(0x000000fcb5200000,0x000000fcb5300000)]
  0x00000219ffb10df0 JavaThread "Finalizer" daemon [_thread_blocked, id=10000, stack(0x000000fcb5300000,0x000000fcb5400000)]
  0x00000219ffb13590 JavaThread "Signal Dispatcher" daemon [_thread_blocked, id=10164, stack(0x000000fcb5400000,0x000000fcb5500000)]
  0x00000219ffb15140 JavaThread "Attach Listener" daemon [_thread_blocked, id=2644, stack(0x000000fcb5500000,0x000000fcb5600000)]
  0x00000219ffb19550 JavaThread "Service Thread" daemon [_thread_blocked, id=14200, stack(0x000000fcb5600000,0x000000fcb5700000)]
  0x00000219ffb1c930 JavaThread "Monitor Deflation Thread" daemon [_thread_blocked, id=11152, stack(0x000000fcb5700000,0x000000fcb5800000)]
  0x00000219ffb1d610 JavaThread "C2 CompilerThread0" daemon [_thread_blocked, id=3108, stack(0x000000fcb5800000,0x000000fcb5900000)]
=>0x00000219ffb1f060 JavaThread "C1 CompilerThread0" daemon [_thread_in_native, id=10992, stack(0x000000fcb5900000,0x000000fcb5a00000)]
  0x00000219ffb33af0 JavaThread "Sweeper thread" daemon [_thread_blocked, id=14952, stack(0x000000fcb5a00000,0x000000fcb5b00000)]
  0x00000219ffae2180 JavaThread "Common-Cleaner" daemon [_thread_blocked, id=14828, stack(0x000000fcb5b00000,0x000000fcb5c00000)]
  0x00000219a1a000d0 JavaThread "Monitor Ctrl-Break" daemon [_thread_in_native, id=11684, stack(0x000000fcb5d00000,0x000000fcb5e00000)]
  0x00000219a1365c90 JavaThread "Notification Thread" daemon [_thread_blocked, id=10852, stack(0x000000fcb5e00000,0x000000fcb5f00000)]
  0x00000219a12f10c0 JavaThread "QuantumRenderer-0" daemon [_thread_blocked, id=10032, stack(0x000000fcb6300000,0x000000fcb6400000)]
  0x00000219a237a5f0 JavaThread "InvokeLaterDispatcher" daemon [_thread_blocked, id=8552, stack(0x000000fcb5c00000,0x000000fcb5d00000)]
  0x00000219a1e7e1c0 JavaThread "JavaFX Application Thread" [_thread_in_native, id=10688, stack(0x000000fcb6500000,0x000000fcb6600000)]
  0x00000219a2023f40 JavaThread "Thread-1" daemon [_thread_in_native, id=10420, stack(0x000000fcb6700000,0x000000fcb6800000)]
  0x00000219a159ee50 JavaThread "JavaFX-Launcher" [_thread_blocked, id=10192, stack(0x000000fcb6800000,0x000000fcb6900000)]
  0x00000219a2394810 JavaThread "Prism Font Disposer" daemon [_thread_blocked, id=10708, stack(0x000000fcb6d00000,0x000000fcb6e00000)]
  0x00000219a2393820 JavaThread "Cleaner-0" daemon [_thread_blocked, id=9824, stack(0x000000fcb6900000,0x000000fcb6a00000)]

Other Threads:
  0x00000219ffaf66a0 VMThread "VM Thread" [stack: 0x000000fcb5100000,0x000000fcb5200000] [id=2964]
  0x00000219a1692240 WatcherThread "VM Periodic Task Thread" [stack: 0x000000fcb5f00000,0x000000fcb6000000] [id=4252]
  0x00000219fe9d8170 WorkerThread "GC Thread#0" [stack: 0x000000fcb4c00000,0x000000fcb4d00000] [id=12068]
  0x00000219a22b2b70 WorkerThread "GC Thread#1" [stack: 0x000000fcb6000000,0x000000fcb6100000] [id=14204]
  0x00000219a119f160 WorkerThread "GC Thread#2" [stack: 0x000000fcb6100000,0x000000fcb6200000] [id=2712]
  0x00000219a21cb850 WorkerThread "GC Thread#3" [stack: 0x000000fcb6200000,0x000000fcb6300000] [id=9900]
  0x00000219fe9e90c0 ConcurrentGCThread "G1 Main Marker" [stack: 0x000000fcb4d00000,0x000000fcb4e00000] [id=14156]
  0x00000219fe9ea290 WorkerThread "G1 Conc#0" [stack: 0x000000fcb4e00000,0x000000fcb4f00000] [id=11436]
  0x00000219fea2e5d0 ConcurrentGCThread "G1 Refine#0" [stack: 0x000000fcb4f00000,0x000000fcb5000000] [id=8296]
  0x00000219ff9b12a0 ConcurrentGCThread "G1 Service" [stack: 0x000000fcb5000000,0x000000fcb5100000] [id=4340]

Threads with active compile tasks:
C1 CompilerThread0     3352 1717       3       javafx.scene.Node::transformedBoundsChanged (43 bytes)

VM state: not at safepoint (normal execution)

VM Mutex/Monitor currently owned by a thread: None

Heap address: 0x0000000081400000, size: 2028 MB, Compressed Oops mode: 32-bit

CDS archive(s) mapped at: [0x0000000800000000-0x0000000800c40000-0x0000000800c40000), size 12845056, SharedBaseAddress: 0x0000000800000000, ArchiveRelocationMode: 0.
Compressed class space mapped at: 0x0000000801000000-0x0000000841000000, reserved size: 1073741824
Narrow klass base: 0x0000000800000000, Narrow klass shift: 0, Narrow klass range: 0x100000000

GC Precious Log:
 CardTable entry size: 512
 Card Set container configuration: InlinePtr #cards 5 size 8 Array Of Cards #cards 12 size 40 Howl #buckets 4 coarsen threshold 1843 Howl Bitmap #cards 512 size 80 coarsen threshold 460 Card regions per heap region 1 cards per card region 2048
 CPUs: 4 total, 4 available
 Memory: 8107M
 Large Page Support: Disabled
 NUMA Support: Disabled
 Compressed Oops: Enabled (32-bit)
 Heap Region Size: 1M
 Heap Min Capacity: 8M
 Heap Initial Capacity: 128M
 Heap Max Capacity: 2028M
 Pre-touch: Disabled
 Parallel Workers: 4
 Concurrent Workers: 1
 Concurrent Refinement Workers: 4
 Periodic GC: Disabled

Heap:
 garbage-first heap   total 131072K, used 25808K [0x0000000081400000, 0x0000000100000000)
  region size 1024K, 24 young (24576K), 3 survivors (3072K)
 Metaspace       used 12875K, committed 13120K, reserved 1114112K
  class space    used 1779K, committed 1920K, reserved 1048576K

Heap Regions: E=young(eden), S=young(survivor), O=old, HS=humongous(starts), HC=humongous(continues), CS=collection set, F=free, OA=open archive, CA=closed archive, TAMS=top-at-mark-start (previous, next)
|   0|0x0000000081400000, 0x0000000081500000, 0x0000000081500000|100%| O|  |TAMS 0x0000000081400000, 0x0000000081400000| Untracked 
|   1|0x0000000081500000, 0x0000000081534000, 0x0000000081600000| 20%| O|  |TAMS 0x0000000081500000, 0x0000000081500000| Untracked 
|   2|0x0000000081600000, 0x0000000081700000, 0x0000000081700000|100%|HS|  |TAMS 0x0000000081600000, 0x0000000081600000| Complete 
|   3|0x0000000081700000, 0x0000000081800000, 0x0000000081800000|100%|HC|  |TAMS 0x0000000081700000, 0x0000000081700000| Complete 
|   4|0x0000000081800000, 0x0000000081800000, 0x0000000081900000|  0%| F|  |TAMS 0x0000000081800000, 0x0000000081800000| Untracked 
|   5|0x0000000081900000, 0x0000000081900000, 0x0000000081a00000|  0%| F|  |TAMS 0x0000000081900000, 0x0000000081900000| Untracked 
|   6|0x0000000081a00000, 0x0000000081a00000, 0x0000000081b00000|  0%| F|  |TAMS 0x0000000081a00000, 0x0000000081a00000| Untracked 
|   7|0x0000000081b00000, 0x0000000081b00000, 0x0000000081c00000|  0%| F|  |TAMS 0x0000000081b00000, 0x0000000081b00000| Untracked 
|   8|0x0000000081c00000, 0x0000000081c00000, 0x0000000081d00000|  0%| F|  |TAMS 0x0000000081c00000, 0x0000000081c00000| Untracked 
|   9|0x0000000081d00000, 0x0000000081d00000, 0x0000000081e00000|  0%| F|  |TAMS 0x0000000081d00000, 0x0000000081d00000| Untracked 
|  10|0x0000000081e00000, 0x0000000081e00000, 0x0000000081f00000|  0%| F|  |TAMS 0x0000000081e00000, 0x0000000081e00000| Untracked 
|  11|0x0000000081f00000, 0x0000000081f00000, 0x0000000082000000|  0%| F|  |TAMS 0x0000000081f00000, 0x0000000081f00000| Untracked 
|  12|0x0000000082000000, 0x0000000082000000, 0x0000000082100000|  0%| F|  |TAMS 0x0000000082000000, 0x0000000082000000| Untracked 
|  13|0x0000000082100000, 0x0000000082100000, 0x0000000082200000|  0%| F|  |TAMS 0x0000000082100000, 0x0000000082100000| Untracked 
|  14|0x0000000082200000, 0x0000000082200000, 0x0000000082300000|  0%| F|  |TAMS 0x0000000082200000, 0x0000000082200000| Untracked 
|  15|0x0000000082300000, 0x0000000082300000, 0x0000000082400000|  0%| F|  |TAMS 0x0000000082300000, 0x0000000082300000| Untracked 
|  16|0x0000000082400000, 0x0000000082400000, 0x0000000082500000|  0%| F|  |TAMS 0x0000000082400000, 0x0000000082400000| Untracked 
|  17|0x0000000082500000, 0x0000000082500000, 0x0000000082600000|  0%| F|  |TAMS 0x0000000082500000, 0x0000000082500000| Untracked 
|  18|0x0000000082600000, 0x0000000082600000, 0x0000000082700000|  0%| F|  |TAMS 0x0000000082600000, 0x0000000082600000| Untracked 
|  19|0x0000000082700000, 0x0000000082700000, 0x0000000082800000|  0%| F|  |TAMS 0x0000000082700000, 0x0000000082700000| Untracked 
|  20|0x0000000082800000, 0x0000000082800000, 0x0000000082900000|  0%| F|  |TAMS 0x0000000082800000, 0x0000000082800000| Untracked 
|  21|0x0000000082900000, 0x0000000082900000, 0x0000000082a00000|  0%| F|  |TAMS 0x0000000082900000, 0x0000000082900000| Untracked 
|  22|0x0000000082a00000, 0x0000000082a00000, 0x0000000082b00000|  0%| F|  |TAMS 0x0000000082a00000, 0x0000000082a00000| Untracked 
|  23|0x0000000082b00000, 0x0000000082b00000, 0x0000000082c00000|  0%| F|  |TAMS 0x0000000082b00000, 0x0000000082b00000| Untracked 
|  24|0x0000000082c00000, 0x0000000082c00000, 0x0000000082d00000|  0%| F|  |TAMS 0x0000000082c00000, 0x0000000082c00000| Untracked 
|  25|0x0000000082d00000, 0x0000000082d00000, 0x0000000082e00000|  0%| F|  |TAMS 0x0000000082d00000, 0x0000000082d00000| Untracked 
|  26|0x0000000082e00000, 0x0000000082e00000, 0x0000000082f00000|  0%| F|  |TAMS 0x0000000082e00000, 0x0000000082e00000| Untracked 
|  27|0x0000000082f00000, 0x0000000082f00000, 0x0000000083000000|  0%| F|  |TAMS 0x0000000082f00000, 0x0000000082f00000| Untracked 
|  28|0x0000000083000000, 0x0000000083000000, 0x0000000083100000|  0%| F|  |TAMS 0x0000000083000000, 0x0000000083000000| Untracked 
|  29|0x0000000083100000, 0x0000000083100000, 0x0000000083200000|  0%| F|  |TAMS 0x0000000083100000, 0x0000000083100000| Untracked 
|  30|0x0000000083200000, 0x0000000083200000, 0x0000000083300000|  0%| F|  |TAMS 0x0000000083200000, 0x0000000083200000| Untracked 
|  31|0x0000000083300000, 0x0000000083300000, 0x0000000083400000|  0%| F|  |TAMS 0x0000000083300000, 0x0000000083300000| Untracked 
|  32|0x0000000083400000, 0x0000000083400000, 0x0000000083500000|  0%| F|  |TAMS 0x0000000083400000, 0x0000000083400000| Untracked 
|  33|0x0000000083500000, 0x0000000083500000, 0x0000000083600000|  0%| F|  |TAMS 0x0000000083500000, 0x0000000083500000| Untracked 
|  34|0x0000000083600000, 0x0000000083600000, 0x0000000083700000|  0%| F|  |TAMS 0x0000000083600000, 0x0000000083600000| Untracked 
|  35|0x0000000083700000, 0x0000000083700000, 0x0000000083800000|  0%| F|  |TAMS 0x0000000083700000, 0x0000000083700000| Untracked 
|  36|0x0000000083800000, 0x0000000083800000, 0x0000000083900000|  0%| F|  |TAMS 0x0000000083800000, 0x0000000083800000| Untracked 
|  37|0x0000000083900000, 0x0000000083900000, 0x0000000083a00000|  0%| F|  |TAMS 0x0000000083900000, 0x0000000083900000| Untracked 
|  38|0x0000000083a00000, 0x0000000083a00000, 0x0000000083b00000|  0%| F|  |TAMS 0x0000000083a00000, 0x0000000083a00000| Untracked 
|  39|0x0000000083b00000, 0x0000000083b00000, 0x0000000083c00000|  0%| F|  |TAMS 0x0000000083b00000, 0x0000000083b00000| Untracked 
|  40|0x0000000083c00000, 0x0000000083c00000, 0x0000000083d00000|  0%| F|  |TAMS 0x0000000083c00000, 0x0000000083c00000| Untracked 
|  41|0x0000000083d00000, 0x0000000083d00000, 0x0000000083e00000|  0%| F|  |TAMS 0x0000000083d00000, 0x0000000083d00000| Untracked 
|  42|0x0000000083e00000, 0x0000000083e00000, 0x0000000083f00000|  0%| F|  |TAMS 0x0000000083e00000, 0x0000000083e00000| Untracked 
|  43|0x0000000083f00000, 0x0000000083f00000, 0x0000000084000000|  0%| F|  |TAMS 0x0000000083f00000, 0x0000000083f00000| Untracked 
|  44|0x0000000084000000, 0x0000000084000000, 0x0000000084100000|  0%| F|  |TAMS 0x0000000084000000, 0x0000000084000000| Untracked 
|  45|0x0000000084100000, 0x0000000084100000, 0x0000000084200000|  0%| F|  |TAMS 0x0000000084100000, 0x0000000084100000| Untracked 
|  46|0x0000000084200000, 0x0000000084200000, 0x0000000084300000|  0%| F|  |TAMS 0x0000000084200000, 0x0000000084200000| Untracked 
|  47|0x0000000084300000, 0x0000000084300000, 0x0000000084400000|  0%| F|  |TAMS 0x0000000084300000, 0x0000000084300000| Untracked 
|  48|0x0000000084400000, 0x0000000084400000, 0x0000000084500000|  0%| F|  |TAMS 0x0000000084400000, 0x0000000084400000| Untracked 
|  49|0x0000000084500000, 0x0000000084500000, 0x0000000084600000|  0%| F|  |TAMS 0x0000000084500000, 0x0000000084500000| Untracked 
|  50|0x0000000084600000, 0x0000000084600000, 0x0000000084700000|  0%| F|  |TAMS 0x0000000084600000, 0x0000000084600000| Untracked 
|  51|0x0000000084700000, 0x0000000084700000, 0x0000000084800000|  0%| F|  |TAMS 0x0000000084700000, 0x0000000084700000| Untracked 
|  52|0x0000000084800000, 0x0000000084800000, 0x0000000084900000|  0%| F|  |TAMS 0x0000000084800000, 0x0000000084800000| Untracked 
|  53|0x0000000084900000, 0x0000000084900000, 0x0000000084a00000|  0%| F|  |TAMS 0x0000000084900000, 0x0000000084900000| Untracked 
|  54|0x0000000084a00000, 0x0000000084a00000, 0x0000000084b00000|  0%| F|  |TAMS 0x0000000084a00000, 0x0000000084a00000| Untracked 
|  55|0x0000000084b00000, 0x0000000084b00000, 0x0000000084c00000|  0%| F|  |TAMS 0x0000000084b00000, 0x0000000084b00000| Untracked 
|  56|0x0000000084c00000, 0x0000000084c00000, 0x0000000084d00000|  0%| F|  |TAMS 0x0000000084c00000, 0x0000000084c00000| Untracked 
|  57|0x0000000084d00000, 0x0000000084d00000, 0x0000000084e00000|  0%| F|  |TAMS 0x0000000084d00000, 0x0000000084d00000| Untracked 
|  58|0x0000000084e00000, 0x0000000084e00000, 0x0000000084f00000|  0%| F|  |TAMS 0x0000000084e00000, 0x0000000084e00000| Untracked 
|  59|0x0000000084f00000, 0x0000000084f00000, 0x0000000085000000|  0%| F|  |TAMS 0x0000000084f00000, 0x0000000084f00000| Untracked 
|  60|0x0000000085000000, 0x0000000085000000, 0x0000000085100000|  0%| F|  |TAMS 0x0000000085000000, 0x0000000085000000| Untracked 
|  61|0x0000000085100000, 0x0000000085100000, 0x0000000085200000|  0%| F|  |TAMS 0x0000000085100000, 0x0000000085100000| Untracked 
|  62|0x0000000085200000, 0x0000000085200000, 0x0000000085300000|  0%| F|  |TAMS 0x0000000085200000, 0x0000000085200000| Untracked 
|  63|0x0000000085300000, 0x0000000085300000, 0x0000000085400000|  0%| F|  |TAMS 0x0000000085300000, 0x0000000085300000| Untracked 
|  64|0x0000000085400000, 0x0000000085400000, 0x0000000085500000|  0%| F|  |TAMS 0x0000000085400000, 0x0000000085400000| Untracked 
|  65|0x0000000085500000, 0x0000000085500000, 0x0000000085600000|  0%| F|  |TAMS 0x0000000085500000, 0x0000000085500000| Untracked 
|  66|0x0000000085600000, 0x0000000085600000, 0x0000000085700000|  0%| F|  |TAMS 0x0000000085600000, 0x0000000085600000| Untracked 
|  67|0x0000000085700000, 0x0000000085700000, 0x0000000085800000|  0%| F|  |TAMS 0x0000000085700000, 0x0000000085700000| Untracked 
|  68|0x0000000085800000, 0x0000000085800000, 0x0000000085900000|  0%| F|  |TAMS 0x0000000085800000, 0x0000000085800000| Untracked 
|  69|0x0000000085900000, 0x0000000085900000, 0x0000000085a00000|  0%| F|  |TAMS 0x0000000085900000, 0x0000000085900000| Untracked 
|  70|0x0000000085a00000, 0x0000000085a00000, 0x0000000085b00000|  0%| F|  |TAMS 0x0000000085a00000, 0x0000000085a00000| Untracked 
|  71|0x0000000085b00000, 0x0000000085b00000, 0x0000000085c00000|  0%| F|  |TAMS 0x0000000085b00000, 0x0000000085b00000| Untracked 
|  72|0x0000000085c00000, 0x0000000085c00000, 0x0000000085d00000|  0%| F|  |TAMS 0x0000000085c00000, 0x0000000085c00000| Untracked 
|  73|0x0000000085d00000, 0x0000000085d00000, 0x0000000085e00000|  0%| F|  |TAMS 0x0000000085d00000, 0x0000000085d00000| Untracked 
|  74|0x0000000085e00000, 0x0000000085e00000, 0x0000000085f00000|  0%| F|  |TAMS 0x0000000085e00000, 0x0000000085e00000| Untracked 
|  75|0x0000000085f00000, 0x0000000085f00000, 0x0000000086000000|  0%| F|  |TAMS 0x0000000085f00000, 0x0000000085f00000| Untracked 
|  76|0x0000000086000000, 0x0000000086000000, 0x0000000086100000|  0%| F|  |TAMS 0x0000000086000000, 0x0000000086000000| Untracked 
|  77|0x0000000086100000, 0x0000000086100000, 0x0000000086200000|  0%| F|  |TAMS 0x0000000086100000, 0x0000000086100000| Untracked 
|  78|0x0000000086200000, 0x0000000086200000, 0x0000000086300000|  0%| F|  |TAMS 0x0000000086200000, 0x0000000086200000| Untracked 
|  79|0x0000000086300000, 0x0000000086300000, 0x0000000086400000|  0%| F|  |TAMS 0x0000000086300000, 0x0000000086300000| Untracked 
|  80|0x0000000086400000, 0x0000000086400000, 0x0000000086500000|  0%| F|  |TAMS 0x0000000086400000, 0x0000000086400000| Untracked 
|  81|0x0000000086500000, 0x0000000086500000, 0x0000000086600000|  0%| F|  |TAMS 0x0000000086500000, 0x0000000086500000| Untracked 
|  82|0x0000000086600000, 0x0000000086600000, 0x0000000086700000|  0%| F|  |TAMS 0x0000000086600000, 0x0000000086600000| Untracked 
|  83|0x0000000086700000, 0x0000000086700000, 0x0000000086800000|  0%| F|  |TAMS 0x0000000086700000, 0x0000000086700000| Untracked 
|  84|0x0000000086800000, 0x0000000086800000, 0x0000000086900000|  0%| F|  |TAMS 0x0000000086800000, 0x0000000086800000| Untracked 
|  85|0x0000000086900000, 0x0000000086900000, 0x0000000086a00000|  0%| F|  |TAMS 0x0000000086900000, 0x0000000086900000| Untracked 
|  86|0x0000000086a00000, 0x0000000086a00000, 0x0000000086b00000|  0%| F|  |TAMS 0x0000000086a00000, 0x0000000086a00000| Untracked 
|  87|0x0000000086b00000, 0x0000000086b00000, 0x0000000086c00000|  0%| F|  |TAMS 0x0000000086b00000, 0x0000000086b00000| Untracked 
|  88|0x0000000086c00000, 0x0000000086c00000, 0x0000000086d00000|  0%| F|  |TAMS 0x0000000086c00000, 0x0000000086c00000| Untracked 
|  89|0x0000000086d00000, 0x0000000086d00000, 0x0000000086e00000|  0%| F|  |TAMS 0x0000000086d00000, 0x0000000086d00000| Untracked 
|  90|0x0000000086e00000, 0x0000000086e00000, 0x0000000086f00000|  0%| F|  |TAMS 0x0000000086e00000, 0x0000000086e00000| Untracked 
|  91|0x0000000086f00000, 0x0000000086f00000, 0x0000000087000000|  0%| F|  |TAMS 0x0000000086f00000, 0x0000000086f00000| Untracked 
|  92|0x0000000087000000, 0x0000000087000000, 0x0000000087100000|  0%| F|  |TAMS 0x0000000087000000, 0x0000000087000000| Untracked 
|  93|0x0000000087100000, 0x0000000087100000, 0x0000000087200000|  0%| F|  |TAMS 0x0000000087100000, 0x0000000087100000| Untracked 
|  94|0x0000000087200000, 0x0000000087200000, 0x0000000087300000|  0%| F|  |TAMS 0x0000000087200000, 0x0000000087200000| Untracked 
|  95|0x0000000087300000, 0x0000000087300000, 0x0000000087400000|  0%| F|  |TAMS 0x0000000087300000, 0x0000000087300000| Untracked 
|  96|0x0000000087400000, 0x0000000087400000, 0x0000000087500000|  0%| F|  |TAMS 0x0000000087400000, 0x0000000087400000| Untracked 
|  97|0x0000000087500000, 0x0000000087500000, 0x0000000087600000|  0%| F|  |TAMS 0x0000000087500000, 0x0000000087500000| Untracked 
|  98|0x0000000087600000, 0x0000000087600000, 0x0000000087700000|  0%| F|  |TAMS 0x0000000087600000, 0x0000000087600000| Untracked 
|  99|0x0000000087700000, 0x0000000087700000, 0x0000000087800000|  0%| F|  |TAMS 0x0000000087700000, 0x0000000087700000| Untracked 
| 100|0x0000000087800000, 0x0000000087800000, 0x0000000087900000|  0%| F|  |TAMS 0x0000000087800000, 0x0000000087800000| Untracked 
| 101|0x0000000087900000, 0x0000000087900000, 0x0000000087a00000|  0%| F|  |TAMS 0x0000000087900000, 0x0000000087900000| Untracked 
| 102|0x0000000087a00000, 0x0000000087a00000, 0x0000000087b00000|  0%| F|  |TAMS 0x0000000087a00000, 0x0000000087a00000| Untracked 
| 103|0x0000000087b00000, 0x0000000087b00000, 0x0000000087c00000|  0%| F|  |TAMS 0x0000000087b00000, 0x0000000087b00000| Untracked 
| 104|0x0000000087c00000, 0x0000000087d00000, 0x0000000087d00000|100%| S|CS|TAMS 0x0000000087c00000, 0x0000000087c00000| Complete 
| 105|0x0000000087d00000, 0x0000000087e00000, 0x0000000087e00000|100%| S|CS|TAMS 0x0000000087d00000, 0x0000000087d00000| Complete 
| 106|0x0000000087e00000, 0x0000000087f00000, 0x0000000087f00000|100%| S|CS|TAMS 0x0000000087e00000, 0x0000000087e00000| Complete 
| 107|0x0000000087f00000, 0x0000000088000000, 0x0000000088000000|100%| E|  |TAMS 0x0000000087f00000, 0x0000000087f00000| Complete 
| 108|0x0000000088000000, 0x0000000088100000, 0x0000000088100000|100%| E|CS|TAMS 0x0000000088000000, 0x0000000088000000| Complete 
| 109|0x0000000088100000, 0x0000000088200000, 0x0000000088200000|100%| E|CS|TAMS 0x0000000088100000, 0x0000000088100000| Complete 
| 110|0x0000000088200000, 0x0000000088300000, 0x0000000088300000|100%| E|CS|TAMS 0x0000000088200000, 0x0000000088200000| Complete 
| 111|0x0000000088300000, 0x0000000088400000, 0x0000000088400000|100%| E|CS|TAMS 0x0000000088300000, 0x0000000088300000| Complete 
| 112|0x0000000088400000, 0x0000000088500000, 0x0000000088500000|100%| E|CS|TAMS 0x0000000088400000, 0x0000000088400000| Complete 
| 113|0x0000000088500000, 0x0000000088600000, 0x0000000088600000|100%| E|  |TAMS 0x0000000088500000, 0x0000000088500000| Complete 
| 114|0x0000000088600000, 0x0000000088700000, 0x0000000088700000|100%| E|CS|TAMS 0x0000000088600000, 0x0000000088600000| Complete 
| 115|0x0000000088700000, 0x0000000088800000, 0x0000000088800000|100%| E|CS|TAMS 0x0000000088700000, 0x0000000088700000| Complete 
| 116|0x0000000088800000, 0x0000000088900000, 0x0000000088900000|100%| E|CS|TAMS 0x0000000088800000, 0x0000000088800000| Complete 
| 117|0x0000000088900000, 0x0000000088a00000, 0x0000000088a00000|100%| E|CS|TAMS 0x0000000088900000, 0x0000000088900000| Complete 
| 118|0x0000000088a00000, 0x0000000088b00000, 0x0000000088b00000|100%| E|CS|TAMS 0x0000000088a00000, 0x0000000088a00000| Complete 
| 119|0x0000000088b00000, 0x0000000088c00000, 0x0000000088c00000|100%| E|CS|TAMS 0x0000000088b00000, 0x0000000088b00000| Complete 
| 120|0x0000000088c00000, 0x0000000088d00000, 0x0000000088d00000|100%| E|CS|TAMS 0x0000000088c00000, 0x0000000088c00000| Complete 
| 121|0x0000000088d00000, 0x0000000088e00000, 0x0000000088e00000|100%| E|CS|TAMS 0x0000000088d00000, 0x0000000088d00000| Complete 
| 122|0x0000000088e00000, 0x0000000088f00000, 0x0000000088f00000|100%| E|CS|TAMS 0x0000000088e00000, 0x0000000088e00000| Complete 
| 123|0x0000000088f00000, 0x0000000089000000, 0x0000000089000000|100%| E|CS|TAMS 0x0000000088f00000, 0x0000000088f00000| Complete 
| 124|0x0000000089000000, 0x0000000089100000, 0x0000000089100000|100%| E|CS|TAMS 0x0000000089000000, 0x0000000089000000| Complete 
| 125|0x0000000089100000, 0x0000000089200000, 0x0000000089200000|100%| E|CS|TAMS 0x0000000089100000, 0x0000000089100000| Complete 
| 126|0x0000000089200000, 0x0000000089300000, 0x0000000089300000|100%| E|CS|TAMS 0x0000000089200000, 0x0000000089200000| Complete 
| 127|0x0000000089300000, 0x0000000089400000, 0x0000000089400000|100%| E|CS|TAMS 0x0000000089300000, 0x0000000089300000| Complete 

Card table byte_map: [0x00000219fee30000,0x00000219ff230000] _byte_map_base: 0x00000219fea26000

Marking Bits (Prev, Next): (CMBitMap*) 0x00000219fe9d87a0, (CMBitMap*) 0x00000219fe9d87e0
 Prev Bits: [0x0000021996ea0000, 0x0000021998e50000)
 Next Bits: [0x0000021998e50000, 0x000002199ae00000)

Polling page: 0x00000219fc930000

Metaspace:

Usage:
  Non-class:     10.84 MB used.
      Class:      1.74 MB used.
       Both:     12.57 MB used.

Virtual space:
  Non-class space:       64.00 MB reserved,      10.94 MB ( 17%) committed,  1 nodes.
      Class space:        1.00 GB reserved,       1.88 MB ( <1%) committed,  1 nodes.
             Both:        1.06 GB reserved,      12.81 MB (  1%) committed. 

Chunk freelists:
   Non-Class:  592.00 KB
       Class:  2.03 MB
        Both:  2.61 MB

MaxMetaspaceSize: unlimited
CompressedClassSpaceSize: 1.00 GB
Initial GC threshold: 21.00 MB
Current GC threshold: 21.00 MB
CDS: on
MetaspaceReclaimPolicy: balanced
 - commit_granule_bytes: 65536.
 - commit_granule_words: 8192.
 - virtual_space_node_default_size: 8388608.
 - enlarge_chunks_in_place: 1.
 - new_chunks_are_fully_committed: 0.
 - uncommit_free_chunks: 1.
 - use_allocation_guard: 0.


Internal statistics:

num_allocs_failed_limit: 0.
num_arena_births: 236.
num_arena_deaths: 0.
num_vsnodes_births: 2.
num_vsnodes_deaths: 0.
num_space_committed: 205.
num_space_uncommitted: 0.
num_chunks_returned_to_freelist: 0.
num_chunks_taken_from_freelist: 608.
num_chunk_merges: 0.
num_chunk_splits: 442.
num_chunks_enlarged: 353.
num_inconsistent_stats: 0.

CodeHeap 'non-profiled nmethods': size=120000Kb used=690Kb max_used=690Kb free=119309Kb
 bounds [0x000002198f970000, 0x000002198fbe0000, 0x0000021996ea0000]
CodeHeap 'profiled nmethods': size=120000Kb used=3049Kb max_used=3049Kb free=116950Kb
 bounds [0x0000021987ea0000, 0x00000219881a0000, 0x000002198f3d0000]
CodeHeap 'non-nmethods': size=5760Kb used=1515Kb max_used=1531Kb free=4245Kb
 bounds [0x000002198f3d0000, 0x000002198f640000, 0x000002198f970000]
 total_blobs=2538 nmethods=1738 adapters=710
 compilation: enabled
              stopped_count=0, restarted_count=0
 full_count=0

Compilation events (20 events):
Event: 2.570 Thread 0x00000219ffb1f060 nmethod 1715 0x0000021988199810 code [0x00000219881999c0, 0x0000021988199c48]
Event: 2.570 Thread 0x00000219ffb1f060 1713       3       com.sun.javafx.css.PseudoClassState::retainAll (6 bytes)
Event: 2.571 Thread 0x00000219ffb1f060 nmethod 1713 0x0000021988199d90 code [0x0000021988199f40, 0x000002198819a088]
Event: 2.572 Thread 0x00000219ffb1f060 1716       3       com.sun.javafx.css.PseudoClassState::size (5 bytes)
Event: 2.572 Thread 0x00000219ffb1f060 nmethod 1716 0x000002198819a110 code [0x000002198819a2c0, 0x000002198819a408]
Event: 2.572 Thread 0x00000219ffb1f060 1717       3       javafx.scene.Node::transformedBoundsChanged (43 bytes)
Event: 2.575 Thread 0x00000219ffb1d610 nmethod 1712 0x000002198fa14a10 code [0x000002198fa14bc0, 0x000002198fa14ed8]
Event: 2.575 Thread 0x00000219ffb1d610 1698       4       java.util.HashMap::get (19 bytes)
Event: 2.580 Thread 0x00000219ffb1d610 nmethod 1698 0x000002198fa15190 code [0x000002198fa15340, 0x000002198fa15638]
Event: 2.580 Thread 0x00000219ffb1d610 1691       4       java.util.AbstractList::<init> (10 bytes)
Event: 2.581 Thread 0x00000219ffb1d610 nmethod 1691 0x000002198fa15910 code [0x000002198fa15a80, 0x000002198fa15af8]
Event: 2.583 Thread 0x00000219ffb1d610 1723       4       jdk.internal.misc.Unsafe::allocateUninitializedArray (55 bytes)
Event: 2.584 Thread 0x00000219ffb1d610 nmethod 1723 0x000002198fa15c10 code [0x000002198fa15da0, 0x000002198fa15f78]
Event: 2.585 Thread 0x00000219ffb1d610 1726       4       java.util.HashMap::isEmpty (13 bytes)
Event: 2.586 Thread 0x00000219ffb1d610 nmethod 1726 0x000002198fa16110 code [0x000002198fa16280, 0x000002198fa16318]
Event: 2.592 Thread 0x00000219ffb1d610 1732       4       javafx.scene.Node::getParent (22 bytes)
Event: 2.593 Thread 0x00000219ffb1d610 nmethod 1732 0x000002198fa16410 code [0x000002198fa165a0, 0x000002198fa16698]
Event: 2.643 Thread 0x00000219ffb1d610 1748       4       java.lang.Class::getClassLoader (28 bytes)
Event: 2.643 Thread 0x00000219ffb1d610 nmethod 1748 0x000002198fa16790 code [0x000002198fa16900, 0x000002198fa16998]
Event: 2.648 Thread 0x00000219ffb1d610 1749       4       java.lang.StringLatin1::toLowerCase (186 bytes)

GC Heap History (4 events):
Event: 0.655 GC heap before
{Heap before GC invocations=0 (full 0):
 garbage-first heap   total 131072K, used 12288K [0x0000000081400000, 0x0000000100000000)
  region size 1024K, 13 young (13312K), 0 survivors (0K)
 Metaspace       used 1671K, committed 1792K, reserved 1114112K
  class space    used 153K, committed 192K, reserved 1048576K
}
Event: 0.660 GC heap after
{Heap after GC invocations=1 (full 0):
 garbage-first heap   total 131072K, used 1618K [0x0000000081400000, 0x0000000100000000)
  region size 1024K, 2 young (2048K), 2 survivors (2048K)
 Metaspace       used 1671K, committed 1792K, reserved 1114112K
  class space    used 153K, committed 192K, reserved 1048576K
}
Event: 1.850 GC heap before
{Heap before GC invocations=1 (full 0):
 garbage-first heap   total 131072K, used 20050K [0x0000000081400000, 0x0000000100000000)
  region size 1024K, 21 young (21504K), 2 survivors (2048K)
 Metaspace       used 7232K, committed 7488K, reserved 1114112K
  class space    used 890K, committed 1024K, reserved 1048576K
}
Event: 1.858 GC heap after
{Heap after GC invocations=2 (full 0):
 garbage-first heap   total 131072K, used 4304K [0x0000000081400000, 0x0000000100000000)
  region size 1024K, 3 young (3072K), 3 survivors (3072K)
 Metaspace       used 7232K, committed 7488K, reserved 1114112K
  class space    used 890K, committed 1024K, reserved 1048576K
}

Dll operation events (20 events):
Event: 1.027 Loaded shared library C:\Users\levi\.openjfx\cache\19.0.2+1\amd64\api-ms-win-crt-math-l1-1-0.dll
Event: 1.034 Loaded shared library C:\Users\levi\.openjfx\cache\19.0.2+1\amd64\api-ms-win-crt-multibyte-l1-1-0.dll
Event: 1.044 Loaded shared library C:\Users\levi\.openjfx\cache\19.0.2+1\amd64\api-ms-win-crt-private-l1-1-0.dll
Event: 1.052 Loaded shared library C:\Users\levi\.openjfx\cache\19.0.2+1\amd64\api-ms-win-crt-process-l1-1-0.dll
Event: 1.053 Loaded shared library C:\Program Files\Java\jdk-19\bin\jimage.dll
Event: 1.061 Loaded shared library C:\Users\levi\.openjfx\cache\19.0.2+1\amd64\api-ms-win-crt-runtime-l1-1-0.dll
Event: 1.070 Loaded shared library C:\Users\levi\.openjfx\cache\19.0.2+1\amd64\api-ms-win-crt-stdio-l1-1-0.dll
Event: 1.090 Loaded shared library C:\Users\levi\.openjfx\cache\19.0.2+1\amd64\api-ms-win-crt-string-l1-1-0.dll
Event: 1.098 Loaded shared library C:\Users\levi\.openjfx\cache\19.0.2+1\amd64\api-ms-win-crt-time-l1-1-0.dll
Event: 1.110 Loaded shared library C:\Users\levi\.openjfx\cache\19.0.2+1\amd64\api-ms-win-crt-utility-l1-1-0.dll
Event: 1.151 Loaded shared library C:\Users\levi\.openjfx\cache\19.0.2+1\amd64\ucrtbase.dll
Event: 1.161 Loaded shared library C:\Users\levi\.openjfx\cache\19.0.2+1\amd64\vcruntime140.dll
Event: 1.167 Loaded shared library C:\Users\levi\.openjfx\cache\19.0.2+1\amd64\vcruntime140_1.dll
Event: 1.185 Loaded shared library C:\Users\levi\.openjfx\cache\19.0.2+1\amd64\msvcp140.dll
Event: 1.192 Loaded shared library C:\Users\levi\.openjfx\cache\19.0.2+1\amd64\msvcp140_1.dll
Event: 1.201 Loaded shared library C:\Users\levi\.openjfx\cache\19.0.2+1\amd64\msvcp140_2.dll
Event: 1.277 Loaded shared library C:\Users\levi\.openjfx\cache\19.0.2+1\amd64\prism_d3d.dll
Event: 1.429 Loaded shared library C:\Users\levi\.openjfx\cache\19.0.2+1\amd64\glass.dll
Event: 1.827 Loaded shared library C:\Users\levi\.openjfx\cache\19.0.2+1\amd64\javafx_font.dll
Event: 2.543 Loaded shared library C:\Users\levi\.openjfx\cache\19.0.2+1\amd64\javafx_iio.dll

Deoptimization events (20 events):
Event: 2.308 Thread 0x00000219a1e7e1c0 Uncommon trap: trap_request=0xffffff45 fr.pc=0x000002198f9eba64 relative=0x00000000000001c4
Event: 2.308 Thread 0x00000219a1e7e1c0 Uncommon trap: reason=unstable_if action=reinterpret pc=0x000002198f9eba64 method=java.io.ByteArrayInputStream.read()I @ 8 c2
Event: 2.308 Thread 0x00000219a1e7e1c0 DEOPT PACKING pc=0x000002198f9eba64 sp=0x000000fcb65fcaf0
Event: 2.308 Thread 0x00000219a1e7e1c0 DEOPT UNPACKING pc=0x000002198f436da3 sp=0x000000fcb65fcaa8 mode 2
Event: 2.584 Thread 0x00000219a1e7e1c0 Uncommon trap: trap_request=0xffffffde fr.pc=0x000002198fa15eb4 relative=0x0000000000000114
Event: 2.584 Thread 0x00000219a1e7e1c0 Uncommon trap: reason=class_check action=maybe_recompile pc=0x000002198fa15eb4 method=jdk.internal.misc.Unsafe.allocateUninitializedArray(Ljava/lang/Class;I)Ljava/lang/Object; @ 51 c2
Event: 2.584 Thread 0x00000219a1e7e1c0 DEOPT PACKING pc=0x000002198fa15eb4 sp=0x000000fcb65fcb60
Event: 2.584 Thread 0x00000219a1e7e1c0 DEOPT UNPACKING pc=0x000002198f436da3 sp=0x000000fcb65fcae8 mode 2
Event: 2.585 Thread 0x00000219a1e7e1c0 Uncommon trap: trap_request=0xffffffde fr.pc=0x000002198fa15eb4 relative=0x0000000000000114
Event: 2.585 Thread 0x00000219a1e7e1c0 Uncommon trap: reason=class_check action=maybe_recompile pc=0x000002198fa15eb4 method=jdk.internal.misc.Unsafe.allocateUninitializedArray(Ljava/lang/Class;I)Ljava/lang/Object; @ 51 c2
Event: 2.585 Thread 0x00000219a1e7e1c0 DEOPT PACKING pc=0x000002198fa15eb4 sp=0x000000fcb65fd050
Event: 2.585 Thread 0x00000219a1e7e1c0 DEOPT UNPACKING pc=0x000002198f436da3 sp=0x000000fcb65fcfd8 mode 2
Event: 2.585 Thread 0x00000219a1e7e1c0 Uncommon trap: trap_request=0xffffffde fr.pc=0x000002198fa15eb4 relative=0x0000000000000114
Event: 2.585 Thread 0x00000219a1e7e1c0 Uncommon trap: reason=class_check action=maybe_recompile pc=0x000002198fa15eb4 method=jdk.internal.misc.Unsafe.allocateUninitializedArray(Ljava/lang/Class;I)Ljava/lang/Object; @ 51 c2
Event: 2.585 Thread 0x00000219a1e7e1c0 DEOPT PACKING pc=0x000002198fa15eb4 sp=0x000000fcb65fd050
Event: 2.585 Thread 0x00000219a1e7e1c0 DEOPT UNPACKING pc=0x000002198f436da3 sp=0x000000fcb65fcfd8 mode 2
Event: 2.585 Thread 0x00000219a1e7e1c0 Uncommon trap: trap_request=0xffffffde fr.pc=0x000002198fa15eb4 relative=0x0000000000000114
Event: 2.585 Thread 0x00000219a1e7e1c0 Uncommon trap: reason=class_check action=maybe_recompile pc=0x000002198fa15eb4 method=jdk.internal.misc.Unsafe.allocateUninitializedArray(Ljava/lang/Class;I)Ljava/lang/Object; @ 51 c2
Event: 2.585 Thread 0x00000219a1e7e1c0 DEOPT PACKING pc=0x000002198fa15eb4 sp=0x000000fcb65fd050
Event: 2.585 Thread 0x00000219a1e7e1c0 DEOPT UNPACKING pc=0x000002198f436da3 sp=0x000000fcb65fcfd8 mode 2

Classes loaded (20 events):
Event: 2.365 Loading class java/util/ConcurrentModificationException
Event: 2.365 Loading class java/util/ConcurrentModificationException done
Event: 2.453 Loading class java/util/BitSet
Event: 2.453 Loading class java/util/BitSet done
Event: 2.475 Loading class java/io/CharArrayReader
Event: 2.475 Loading class java/io/CharArrayReader done
Event: 2.479 Loading class sun/net/ProgressMonitor
Event: 2.479 Loading class sun/net/ProgressMonitor done
Event: 2.479 Loading class sun/net/DefaultProgressMeteringPolicy
Event: 2.479 Loading class sun/net/ProgressMeteringPolicy
Event: 2.479 Loading class sun/net/ProgressMeteringPolicy done
Event: 2.479 Loading class sun/net/DefaultProgressMeteringPolicy done
Event: 2.530 Loading class java/io/EOFException
Event: 2.530 Loading class java/io/EOFException done
Event: 2.530 Loading class java/io/SequenceInputStream
Event: 2.530 Loading class java/io/SequenceInputStream done
Event: 2.534 Loading class java/util/Vector$1
Event: 2.534 Loading class java/util/Vector$1 done
Event: 2.546 Loading class java/nio/FloatBuffer
Event: 2.547 Loading class java/nio/FloatBuffer done

Classes unloaded (0 events):
No events

Classes redefined (0 events):
No events

Internal exceptions (20 events):
Event: 1.755 Thread 0x00000219a1e7e1c0 Exception <a 'java/lang/NullPointerException'{0x000000008827c270}> (0x000000008827c270) 
thrown [s\open\src\hotspot\share\interpreter\linkResolver.cpp, line 1374]
Event: 1.807 Thread 0x00000219a1e7e1c0 Exception <a 'sun/nio/fs/WindowsException'{0x00000000880989c8}> (0x00000000880989c8) 
thrown [s\open\src\hotspot\share\prims\jni.cpp, line 517]
Event: 1.913 Thread 0x00000219a1e7e1c0 Exception <a 'java/lang/ClassNotFoundException'{0x0000000089003098}: com/sun/glass/ui/win/themes> (0x0000000089003098) 
thrown [s\open\src\hotspot\share\prims\jni.cpp, line 536]
Event: 1.915 Thread 0x00000219a1e7e1c0 Exception <a 'java/lang/ClassNotFoundException'{0x000000008900eca8}: com/sun/glass/ui/win/themes_pt> (0x000000008900eca8) 
thrown [s\open\src\hotspot\share\prims\jni.cpp, line 536]
Event: 1.915 Thread 0x00000219a1e7e1c0 Exception <a 'java/lang/ClassNotFoundException'{0x000000008900f808}: com/sun/glass/ui/win/themes_pt_BR> (0x000000008900f808) 
thrown [s\open\src\hotspot\share\prims\jni.cpp, line 536]
Event: 2.017 Thread 0x00000219a1e7e1c0 Exception <a 'java/lang/NoSuchMethodError'{0x0000000088dd39a0}: 'void java.lang.invoke.DirectMethodHandle$Holder.invokeStaticInit(java.lang.Object, java.lang.Object)'> (0x0000000088dd39a0) 
thrown [s\open\src\hotspot\share\interpreter\linkResolver.cpp, line 774]
Event: 2.030 Thread 0x00000219a1e7e1c0 Implicit null exception at 0x000002198f986c59 to 0x000002198f986e6a
Event: 2.042 Thread 0x00000219a1e7e1c0 Implicit null exception at 0x000002198f9eed2c to 0x000002198f9eefc0
Event: 2.132 Thread 0x00000219a1e7e1c0 Implicit null exception at 0x000002198f9e6a37 to 0x000002198f9e71a4
Event: 2.172 Thread 0x00000219a1e7e1c0 Implicit null exception at 0x000002198f9eaaac to 0x000002198f9ead24
Event: 2.173 Thread 0x00000219a1e7e1c0 Implicit null exception at 0x000002198f9e94af to 0x000002198f9e9529
Event: 2.253 Thread 0x00000219a1e7e1c0 Exception <a 'java/lang/NoSuchMethodError'{0x000000008881d288}: 'java.lang.Object java.lang.invoke.DirectMethodHandle$Holder.invokeInterface(java.lang.Object, java.lang.Object, java.lang.Object)'> (0x000000008881d288) 
thrown [s\open\src\hotspot\share\interpreter\linkResolver.cpp, line 774]
Event: 2.253 Thread 0x00000219a1e7e1c0 Exception <a 'java/lang/IncompatibleClassChangeError'{0x0000000088820bb0}: Found class java.lang.Object, but interface was expected> (0x0000000088820bb0) 
thrown [s\open\src\hotspot\share\interpreter\linkResolver.cpp, line 841]
Event: 2.317 Thread 0x00000219a1e7e1c0 Exception <a 'java/lang/NoSuchMethodError'{0x000000008871c508}: 'int java.lang.invoke.DirectMethodHandle$Holder.invokeSpecial(java.lang.Object, java.lang.Object, int)'> (0x000000008871c508) 
thrown [s\open\src\hotspot\share\interpreter\linkResolver.cpp, line 774]
Event: 2.318 Thread 0x00000219a1e7e1c0 Exception <a 'java/lang/NoSuchMethodError'{0x0000000088731338}: 'int java.lang.invoke.DirectMethodHandle$Holder.invokeSpecial(java.lang.Object, java.lang.Object, java.lang.Object, int)'> (0x0000000088731338) 
thrown [s\open\src\hotspot\share\interpreter\linkResolver.cpp, line 774]
Event: 2.322 Thread 0x00000219a1e7e1c0 Exception <a 'java/lang/NoSuchMethodError'{0x0000000088743760}: 'java.lang.Object java.lang.invoke.DirectMethodHandle$Holder.invokeStatic(java.lang.Object, java.lang.Object, java.lang.Object, java.lang.Object, int)'> (0x0000000088743760) 
thrown [s\open\src\hotspot\share\interpreter\linkResolver.cpp, line 774]
Event: 2.324 Thread 0x00000219a1e7e1c0 Exception <a 'java/lang/NoSuchMethodError'{0x000000008874c3d8}: 'int java.lang.invoke.DirectMethodHandle$Holder.invokeSpecial(java.lang.Object, java.lang.Object, java.lang.Object)'> (0x000000008874c3d8) 
thrown [s\open\src\hotspot\share\interpreter\linkResolver.cpp, line 774]
Event: 2.354 Thread 0x00000219a1e7e1c0 Exception <a 'java/lang/NoSuchMethodError'{0x0000000088610da0}: 'java.lang.Object java.lang.invoke.DirectMethodHandle$Holder.newInvokeSpecial(java.lang.Object, java.lang.Object, int)'> (0x0000000088610da0) 
thrown [s\open\src\hotspot\share\interpreter\linkResolver.cpp, line 774]
Event: 2.468 Thread 0x00000219a1e7e1c0 Exception <a 'sun/nio/fs/WindowsException'{0x00000000885d02d8}> (0x00000000885d02d8) 
thrown [s\open\src\hotspot\share\prims\jni.cpp, line 517]
Event: 2.638 Thread 0x00000219a12f10c0 Exception <a 'java/lang/NoSuchMethodError'{0x00000000882c7388}: 'int java.lang.invoke.DirectMethodHandle$Holder.invokeStaticInit(java.lang.Object, java.lang.Object)'> (0x00000000882c7388) 
thrown [s\open\src\hotspot\share\interpreter\linkResolver.cpp, line 774]

VM Operations (20 events):
Event: 0.265 Executing VM operation: HandshakeAllThreads
Event: 0.265 Executing VM operation: HandshakeAllThreads done
Event: 0.267 Executing VM operation: HandshakeAllThreads
Event: 0.267 Executing VM operation: HandshakeAllThreads done
Event: 0.471 Executing VM operation: HandshakeAllThreads
Event: 0.471 Executing VM operation: HandshakeAllThreads done
Event: 0.530 Executing VM operation: HandshakeAllThreads
Event: 0.530 Executing VM operation: HandshakeAllThreads done
Event: 0.606 Executing VM operation: HandshakeAllThreads
Event: 0.607 Executing VM operation: HandshakeAllThreads done
Event: 0.655 Executing VM operation: G1CollectForAllocation
Event: 0.660 Executing VM operation: G1CollectForAllocation done
Event: 1.411 Executing VM operation: HandshakeAllThreads
Event: 1.411 Executing VM operation: HandshakeAllThreads done
Event: 1.850 Executing VM operation: G1CollectForAllocation
Event: 1.858 Executing VM operation: G1CollectForAllocation done
Event: 1.940 Executing VM operation: HandshakeAllThreads
Event: 1.940 Executing VM operation: HandshakeAllThreads done
Event: 2.527 Executing VM operation: ICBufferFull
Event: 2.527 Executing VM operation: ICBufferFull done

Events (20 events):
Event: 0.067 Thread 0x00000219ffb19550 Thread added: 0x00000219ffb19550
Event: 0.067 Thread 0x00000219ffb1c930 Thread added: 0x00000219ffb1c930
Event: 0.067 Thread 0x00000219ffb1d610 Thread added: 0x00000219ffb1d610
Event: 0.067 Thread 0x00000219ffb1f060 Thread added: 0x00000219ffb1f060
Event: 0.068 Thread 0x00000219ffb33af0 Thread added: 0x00000219ffb33af0
Event: 0.121 Thread 0x00000219ffae2180 Thread added: 0x00000219ffae2180
Event: 0.215 Thread 0x00000219a11a0550 Thread added: 0x00000219a11a0550
Event: 0.600 Thread 0x00000219a1a000d0 Thread added: 0x00000219a1a000d0
Event: 0.600 Thread 0x00000219a1365c90 Thread added: 0x00000219a1365c90
Event: 1.023 Thread 0x00000219a11a0550 Thread exited: 0x00000219a11a0550
Event: 1.060 Thread 0x00000219a1e7e1c0 Thread added: 0x00000219a1e7e1c0
Event: 1.260 Thread 0x00000219a12f10c0 Thread added: 0x00000219a12f10c0
Event: 1.381 Thread 0x00000219a1e7e1c0 Thread exited: 0x00000219a1e7e1c0
Event: 1.434 Thread 0x00000219a237a5f0 Thread added: 0x00000219a237a5f0
Event: 1.443 Thread 0x00000219a1e7e1c0 Thread added: 0x00000219a1e7e1c0
Event: 1.658 Thread 0x00000219a2023f40 Thread added: 0x00000219a2023f40
Event: 1.681 Thread 0x00000219a159ee50 Thread added: 0x00000219a159ee50
Event: 1.988 Thread 0x00000219a24005a0 Thread added: 0x00000219a24005a0
Event: 2.244 Thread 0x00000219a2394810 Thread added: 0x00000219a2394810
Event: 2.489 Thread 0x00000219a24005a0 Thread exited: 0x00000219a24005a0


Dynamic libraries:
0x00007ff757b10000 - 0x00007ff757b20000 	C:\Program Files\Java\jdk-19\bin\java.exe
0x00007ff9df2c0000 - 0x00007ff9df4b0000 	C:\WINDOWS\SYSTEM32\ntdll.dll
0x00007ff9ab260000 - 0x00007ff9ab279000 	C:\Program Files\AVAST Software\Avast\aswhook.dll
0x00007ff9def70000 - 0x00007ff9df022000 	C:\WINDOWS\System32\KERNEL32.DLL
0x00007ff9dc740000 - 0x00007ff9dc9e5000 	C:\WINDOWS\System32\KERNELBASE.dll
0x00007ff9dc640000 - 0x00007ff9dc73a000 	C:\WINDOWS\System32\ucrtbase.dll
0x00007ff9d2e20000 - 0x00007ff9d2e3b000 	C:\Program Files\Java\jdk-19\bin\VCRUNTIME140.dll
0x00007ff9d8950000 - 0x00007ff9d8968000 	C:\Program Files\Java\jdk-19\bin\jli.dll
0x00007ff9dd3f0000 - 0x00007ff9dd493000 	C:\WINDOWS\System32\ADVAPI32.dll
0x00007ff9de0d0000 - 0x00007ff9de16e000 	C:\WINDOWS\System32\msvcrt.dll
0x00007ff9dde20000 - 0x00007ff9ddeb7000 	C:\WINDOWS\System32\sechost.dll
0x00007ff9de550000 - 0x00007ff9de66f000 	C:\WINDOWS\System32\RPCRT4.dll
0x00007ff9ddec0000 - 0x00007ff9de054000 	C:\WINDOWS\System32\USER32.dll
0x00007ff9ce090000 - 0x00007ff9ce314000 	C:\WINDOWS\WinSxS\amd64_microsoft.windows.common-controls_6595b64144ccf1df_6.0.18362.1556_none_9e7e372fe45e41d5\COMCTL32.dll
0x00007ff9dc480000 - 0x00007ff9dc4a1000 	C:\WINDOWS\System32\win32u.dll
0x00007ff9ddae0000 - 0x00007ff9dde16000 	C:\WINDOWS\System32\combase.dll
0x00007ff9de350000 - 0x00007ff9de376000 	C:\WINDOWS\System32\GDI32.dll
0x00007ff9dc4d0000 - 0x00007ff9dc551000 	C:\WINDOWS\System32\bcryptPrimitives.dll
0x00007ff9dc230000 - 0x00007ff9dc3c8000 	C:\WINDOWS\System32\gdi32full.dll
0x00007ff9dd2d0000 - 0x00007ff9dd36e000 	C:\WINDOWS\System32\msvcp_win.dll
0x00007ff9d1c70000 - 0x00007ff9d1c7a000 	C:\WINDOWS\SYSTEM32\VERSION.dll
0x00007ff9ddaa0000 - 0x00007ff9ddace000 	C:\WINDOWS\System32\IMM32.DLL
0x00007ff9d8a40000 - 0x00007ff9d8a4c000 	C:\Program Files\Java\jdk-19\bin\vcruntime140_1.dll
0x00007ff9aab10000 - 0x00007ff9aab9e000 	C:\Program Files\Java\jdk-19\bin\msvcp140.dll
0x00007ff972180000 - 0x00007ff972e40000 	C:\Program Files\Java\jdk-19\bin\server\jvm.dll
0x00007ff9da070000 - 0x00007ff9da094000 	C:\WINDOWS\SYSTEM32\WINMM.dll
0x00007ff9cc190000 - 0x00007ff9cc199000 	C:\WINDOWS\SYSTEM32\WSOCK32.dll
0x00007ff9de170000 - 0x00007ff9de1df000 	C:\WINDOWS\System32\WS2_32.dll
0x00007ff9d9f60000 - 0x00007ff9d9f8d000 	C:\WINDOWS\SYSTEM32\WINMMBASE.dll
0x00007ff9dc430000 - 0x00007ff9dc47a000 	C:\WINDOWS\System32\cfgmgr32.dll
0x00007ff9dc210000 - 0x00007ff9dc221000 	C:\WINDOWS\System32\kernel.appcore.dll
0x00007ff9d2f00000 - 0x00007ff9d2f0a000 	C:\Program Files\Java\jdk-19\bin\jimage.dll
0x00007ff9d17f0000 - 0x00007ff9d19e4000 	C:\WINDOWS\SYSTEM32\DBGHELP.DLL
0x00007ff9d17c0000 - 0x00007ff9d17ea000 	C:\WINDOWS\SYSTEM32\dbgcore.DLL
0x00007ff9d8a10000 - 0x00007ff9d8a1e000 	C:\Program Files\Java\jdk-19\bin\instrument.dll
0x00007ff9d2bf0000 - 0x00007ff9d2c16000 	C:\Program Files\Java\jdk-19\bin\java.dll
0x00007ff99a090000 - 0x00007ff99a167000 	C:\Program Files\Java\jdk-19\bin\jsvml.dll
0x00007ff9de7b0000 - 0x00007ff9dee97000 	C:\WINDOWS\System32\SHELL32.dll
0x00007ff9dd9f0000 - 0x00007ff9dda98000 	C:\WINDOWS\System32\shcore.dll
0x00007ff9dcb50000 - 0x00007ff9dd2cb000 	C:\WINDOWS\System32\windows.storage.dll
0x00007ff9dc180000 - 0x00007ff9dc19e000 	C:\WINDOWS\System32\profapi.dll
0x00007ff9dc1c0000 - 0x00007ff9dc20a000 	C:\WINDOWS\System32\powrprof.dll
0x00007ff9dc170000 - 0x00007ff9dc180000 	C:\WINDOWS\System32\UMPDC.dll
0x00007ff9df030000 - 0x00007ff9df082000 	C:\WINDOWS\System32\shlwapi.dll
0x00007ff9dc4b0000 - 0x00007ff9dc4c7000 	C:\WINDOWS\System32\cryptsp.dll
0x00007ff9d2990000 - 0x00007ff9d29a3000 	C:\Program Files\Java\jdk-19\bin\net.dll
0x00007ff9d2840000 - 0x00007ff9d293a000 	C:\WINDOWS\SYSTEM32\WINHTTP.dll
0x00007ff9db900000 - 0x00007ff9db967000 	C:\WINDOWS\system32\mswsock.dll
0x00007ff9d2970000 - 0x00007ff9d2986000 	C:\Program Files\Java\jdk-19\bin\nio.dll
0x00007ff9d0240000 - 0x00007ff9d0258000 	C:\Program Files\Java\jdk-19\bin\zip.dll
0x00007ff9d1b40000 - 0x00007ff9d1b5a000 	C:\Program Files\JetBrains\IntelliJ IDEA Community Edition 2023.1.1\bin\breakgen64.dll
0x000002199cf30000 - 0x000002199cf33000 	C:\Users\levi\.openjfx\cache\19.0.2+1\amd64\api-ms-win-core-console-l1-1-0.dll
0x000002199cf40000 - 0x000002199cf43000 	C:\Users\levi\.openjfx\cache\19.0.2+1\amd64\api-ms-win-core-console-l1-2-0.dll
0x000002199cf50000 - 0x000002199cf53000 	C:\Users\levi\.openjfx\cache\19.0.2+1\amd64\api-ms-win-core-datetime-l1-1-0.dll
0x000002199cf60000 - 0x000002199cf63000 	C:\Users\levi\.openjfx\cache\19.0.2+1\amd64\api-ms-win-core-debug-l1-1-0.dll
0x000002199cf70000 - 0x000002199cf73000 	C:\Users\levi\.openjfx\cache\19.0.2+1\amd64\api-ms-win-core-errorhandling-l1-1-0.dll
0x000002199cf80000 - 0x000002199cf84000 	C:\Users\levi\.openjfx\cache\19.0.2+1\amd64\api-ms-win-core-file-l1-1-0.dll
0x000002199cf90000 - 0x000002199cf93000 	C:\Users\levi\.openjfx\cache\19.0.2+1\amd64\api-ms-win-core-file-l1-2-0.dll
0x000002199cfa0000 - 0x000002199cfa3000 	C:\Users\levi\.openjfx\cache\19.0.2+1\amd64\api-ms-win-core-file-l2-1-0.dll
0x000002199cfb0000 - 0x000002199cfb3000 	C:\Users\levi\.openjfx\cache\19.0.2+1\amd64\api-ms-win-core-handle-l1-1-0.dll
0x000002199cfc0000 - 0x000002199cfc3000 	C:\Users\levi\.openjfx\cache\19.0.2+1\amd64\api-ms-win-core-heap-l1-1-0.dll
0x000002199cfd0000 - 0x000002199cfd3000 	C:\Users\levi\.openjfx\cache\19.0.2+1\amd64\api-ms-win-core-interlocked-l1-1-0.dll
0x000002199cfe0000 - 0x000002199cfe3000 	C:\Users\levi\.openjfx\cache\19.0.2+1\amd64\api-ms-win-core-libraryloader-l1-1-0.dll
0x000002199cff0000 - 0x000002199cff3000 	C:\Users\levi\.openjfx\cache\19.0.2+1\amd64\api-ms-win-core-localization-l1-2-0.dll
0x00000219a2bd0000 - 0x00000219a2bd3000 	C:\Users\levi\.openjfx\cache\19.0.2+1\amd64\api-ms-win-core-memory-l1-1-0.dll
0x00000219a2be0000 - 0x00000219a2be3000 	C:\Users\levi\.openjfx\cache\19.0.2+1\amd64\api-ms-win-core-namedpipe-l1-1-0.dll
0x00000219a2bf0000 - 0x00000219a2bf3000 	C:\Users\levi\.openjfx\cache\19.0.2+1\amd64\api-ms-win-core-processenvironment-l1-1-0.dll
0x00000219a2c00000 - 0x00000219a2c03000 	C:\Users\levi\.openjfx\cache\19.0.2+1\amd64\api-ms-win-core-processthreads-l1-1-0.dll
0x00000219a2c10000 - 0x00000219a2c13000 	C:\Users\levi\.openjfx\cache\19.0.2+1\amd64\api-ms-win-core-processthreads-l1-1-1.dll
0x00000219a2c20000 - 0x00000219a2c23000 	C:\Users\levi\.openjfx\cache\19.0.2+1\amd64\api-ms-win-core-profile-l1-1-0.dll
0x00000219a2c30000 - 0x00000219a2c33000 	C:\Users\levi\.openjfx\cache\19.0.2+1\amd64\api-ms-win-core-rtlsupport-l1-1-0.dll
0x00000219a2c40000 - 0x00000219a2c43000 	C:\Users\levi\.openjfx\cache\19.0.2+1\amd64\api-ms-win-core-string-l1-1-0.dll
0x00000219a2c50000 - 0x00000219a2c53000 	C:\Users\levi\.openjfx\cache\19.0.2+1\amd64\api-ms-win-core-synch-l1-1-0.dll
0x00000219a2c60000 - 0x00000219a2c63000 	C:\Users\levi\.openjfx\cache\19.0.2+1\amd64\api-ms-win-core-synch-l1-2-0.dll
0x00000219a2c70000 - 0x00000219a2c73000 	C:\Users\levi\.openjfx\cache\19.0.2+1\amd64\api-ms-win-core-sysinfo-l1-1-0.dll
0x00000219a2c80000 - 0x00000219a2c83000 	C:\Users\levi\.openjfx\cache\19.0.2+1\amd64\api-ms-win-core-timezone-l1-1-0.dll
0x00000219a2c90000 - 0x00000219a2c93000 	C:\Users\levi\.openjfx\cache\19.0.2+1\amd64\api-ms-win-core-util-l1-1-0.dll
0x00000219a2ca0000 - 0x00000219a2ca3000 	C:\Users\levi\.openjfx\cache\19.0.2+1\amd64\api-ms-win-crt-conio-l1-1-0.dll
0x00000219a2cb0000 - 0x00000219a2cb4000 	C:\Users\levi\.openjfx\cache\19.0.2+1\amd64\api-ms-win-crt-convert-l1-1-0.dll
0x00000219a2cc0000 - 0x00000219a2cc3000 	C:\Users\levi\.openjfx\cache\19.0.2+1\amd64\api-ms-win-crt-environment-l1-1-0.dll
0x00000219a2cd0000 - 0x00000219a2cd3000 	C:\Users\levi\.openjfx\cache\19.0.2+1\amd64\api-ms-win-crt-filesystem-l1-1-0.dll
0x00000219a2ce0000 - 0x00000219a2ce3000 	C:\Users\levi\.openjfx\cache\19.0.2+1\amd64\api-ms-win-crt-heap-l1-1-0.dll
0x00000219a2d10000 - 0x00000219a2d13000 	C:\Users\levi\.openjfx\cache\19.0.2+1\amd64\api-ms-win-crt-locale-l1-1-0.dll
0x00000219a2d20000 - 0x00000219a2d25000 	C:\Users\levi\.openjfx\cache\19.0.2+1\amd64\api-ms-win-crt-math-l1-1-0.dll
0x00000219a2d30000 - 0x00000219a2d35000 	C:\Users\levi\.openjfx\cache\19.0.2+1\amd64\api-ms-win-crt-multibyte-l1-1-0.dll
0x00000219a2cf0000 - 0x00000219a2d00000 	C:\Users\levi\.openjfx\cache\19.0.2+1\amd64\api-ms-win-crt-private-l1-1-0.dll
0x00000219a2d00000 - 0x00000219a2d03000 	C:\Users\levi\.openjfx\cache\19.0.2+1\amd64\api-ms-win-crt-process-l1-1-0.dll
0x00000219a2d40000 - 0x00000219a2d44000 	C:\Users\levi\.openjfx\cache\19.0.2+1\amd64\api-ms-win-crt-runtime-l1-1-0.dll
0x00000219a2d50000 - 0x00000219a2d54000 	C:\Users\levi\.openjfx\cache\19.0.2+1\amd64\api-ms-win-crt-stdio-l1-1-0.dll
0x00000219a2d60000 - 0x00000219a2d64000 	C:\Users\levi\.openjfx\cache\19.0.2+1\amd64\api-ms-win-crt-string-l1-1-0.dll
0x00000219a2d70000 - 0x00000219a2d73000 	C:\Users\levi\.openjfx\cache\19.0.2+1\amd64\api-ms-win-crt-time-l1-1-0.dll
0x00000219a2d80000 - 0x00000219a2d83000 	C:\Users\levi\.openjfx\cache\19.0.2+1\amd64\api-ms-win-crt-utility-l1-1-0.dll
0x00007ff9cb980000 - 0x00007ff9cba7c000 	C:\Users\levi\.openjfx\cache\19.0.2+1\amd64\ucrtbase.dll
0x00007ff9cb960000 - 0x00007ff9cb97b000 	C:\Users\levi\.openjfx\cache\19.0.2+1\amd64\vcruntime140.dll
0x00007ff9d8a00000 - 0x00007ff9d8a0c000 	C:\Users\levi\.openjfx\cache\19.0.2+1\amd64\vcruntime140_1.dll
0x00007ff9cb8d0000 - 0x00007ff9cb95e000 	C:\Users\levi\.openjfx\cache\19.0.2+1\amd64\msvcp140.dll
0x00007ff9d8930000 - 0x00007ff9d8939000 	C:\Users\levi\.openjfx\cache\19.0.2+1\amd64\msvcp140_1.dll
0x00007ff9cb8a0000 - 0x00007ff9cb8d0000 	C:\Users\levi\.openjfx\cache\19.0.2+1\amd64\msvcp140_2.dll
0x00007ff9cb870000 - 0x00007ff9cb89c000 	C:\Users\levi\.openjfx\cache\19.0.2+1\amd64\prism_d3d.dll
0x00007ff9d2340000 - 0x00007ff9d2507000 	C:\WINDOWS\system32\d3d9.dll
0x00007ff9da540000 - 0x00007ff9da56d000 	C:\WINDOWS\SYSTEM32\dwmapi.dll
0x00007ff9dad70000 - 0x00007ff9dad90000 	C:\WINDOWS\SYSTEM32\dxcore.dll
0x00007ff9da450000 - 0x00007ff9da4e9000 	C:\WINDOWS\system32\uxtheme.dll
0x00007ff9dc560000 - 0x00007ff9dc586000 	C:\WINDOWS\System32\bcrypt.dll
0x00007ff9dc9f0000 - 0x00007ff9dcb41000 	C:\WINDOWS\System32\crypt32.dll
0x00007ff9dc1a0000 - 0x00007ff9dc1b2000 	C:\WINDOWS\System32\MSASN1.dll
0x00007ff9dc3d0000 - 0x00007ff9dc42c000 	C:\WINDOWS\System32\WINTRUST.DLL
0x00007ff9de380000 - 0x00007ff9de39d000 	C:\WINDOWS\System32\imagehlp.dll
0x00007ff9db490000 - 0x00007ff9db4c3000 	C:\WINDOWS\system32\rsaenh.dll
0x00007ff9dba80000 - 0x00007ff9dba8c000 	C:\WINDOWS\SYSTEM32\CRYPTBASE.dll
0x00007ff9cb820000 - 0x00007ff9cb862000 	C:\Users\levi\.openjfx\cache\19.0.2+1\amd64\glass.dll
0x00007ff9deea0000 - 0x00007ff9def70000 	C:\WINDOWS\System32\COMDLG32.dll
0x00007ff9de1e0000 - 0x00007ff9de337000 	C:\WINDOWS\System32\ole32.dll
0x00007ff9df1a0000 - 0x00007ff9df265000 	C:\WINDOWS\System32\OLEAUT32.dll
0x00007ff9de670000 - 0x00007ff9de7a5000 	C:\WINDOWS\System32\MSCTF.dll
0x00007ff9add20000 - 0x00007ff9ade0b000 	C:\WINDOWS\System32\DriverStore\FileRepository\nvsmi.inf_amd64_d948da72bde46eee\nvldumdx.dll
0x00007ff97e610000 - 0x00007ff97f81d000 	C:\WINDOWS\System32\DriverStore\FileRepository\nvsmi.inf_amd64_d948da72bde46eee\nvd3dumx.dll
0x00007ff9abdd0000 - 0x00007ff9ac036000 	C:\WINDOWS\system32\nvspcap64.dll
0x00007ff9db170000 - 0x00007ff9db1a1000 	C:\WINDOWS\SYSTEM32\ntmarta.dll
0x00007ff961af0000 - 0x00007ff963d2c000 	C:\WINDOWS\SYSTEM32\igdumdim64.dll
0x00007ff9dd520000 - 0x00007ff9dd990000 	C:\WINDOWS\System32\SETUPAPI.dll
0x00007ff9d3920000 - 0x00007ff9d4329000 	C:\WINDOWS\SYSTEM32\igdusc64.dll
0x00007ff9cb800000 - 0x00007ff9cb814000 	C:\Users\levi\.openjfx\cache\19.0.2+1\amd64\javafx_font.dll
0x00007ff9cd9b0000 - 0x00007ff9cdcae000 	C:\WINDOWS\SYSTEM32\dwrite.dll
0x00007ff9df090000 - 0x00007ff9df132000 	C:\WINDOWS\System32\clbcatq.dll
0x00007ff9d7ec0000 - 0x00007ff9d806f000 	C:\WINDOWS\SYSTEM32\WindowsCodecs.dll
0x00007ff9d5760000 - 0x00007ff9d579b000 	C:\WINDOWS\system32\dataexchange.dll
0x00007ff9d9350000 - 0x00007ff9d95ab000 	C:\WINDOWS\system32\d3d11.dll

dbghelp: loaded successfully - version: 4.0.5 - missing functions: none
symbol engine: initialized successfully - sym options: 0x614 - pdb path: .;C:\Program Files\Java\jdk-19\bin;C:\WINDOWS\SYSTEM32;C:\Program Files\AVAST Software\Avast;C:\WINDOWS\WinSxS\amd64_microsoft.windows.common-controls_6595b64144ccf1df_6.0.18362.1556_none_9e7e372fe45e41d5;C:\Program Files\Java\jdk-19\bin\server;C:\Program Files\JetBrains\IntelliJ IDEA Community Edition 2023.1.1\bin;C:\Users\levi\.openjfx\cache\19.0.2+1\amd64;C:\WINDOWS\System32\DriverStore\FileRepository\nvsmi.inf_amd64_d948da72bde46eee;C:\Program Files\Common Files\Microsoft Shared\Ink

VM Arguments:
jvm_args: -javaagent:C:\Program Files\JetBrains\IntelliJ IDEA Community Edition 2023.1.1\lib\idea_rt.jar=50262:C:\Program Files\JetBrains\IntelliJ IDEA Community Edition 2023.1.1\bin -Dfile.encoding=UTF-8 -Dsun.stdout.encoding=UTF-8 -Dsun.stderr.encoding=UTF-8 --module-path=C:\Users\levi\.m2\repository\com\fasterxml\jackson\core\jackson-databind\2.12.1\jackson-databind-2.12.1.jar;C:\Users\levi\.m2\repository\org\kordamp\bootstrapfx\bootstrapfx-core\0.4.0\bootstrapfx-core-0.4.0.jar;C:\Users\levi\.m2\repository\com\github\almasb\fxgl\17.2\fxgl-17.2.jar;C:\Users\levi\.m2\repository\org\openjfx\javafx-controls\19.0.2\javafx-controls-19.0.2-win.jar;C:\Users\levi\.m2\repository\org\openjfx\javafx-graphics\19.0.2\javafx-graphics-19.0.2-win.jar;C:\Users\levi\.m2\repository\com\gluonhq\attach\storage\4.0.13\storage-4.0.13.jar;C:\Users\levi\.m2\repository\org\jetbrains\kotlin\kotlin-stdlib\1.6.0\kotlin-stdlib-1.6.0-modular.jar;C:\Users\levi\.m2\repository\org\controlsfx\controlsfx\11.1.2\controlsfx-11.1.2.jar;C:\Users\levi\.m2\repository\com\github\almasb\fxgl-io\17.2\fxgl-io-17.2.jar;C:\Users\levi\.m2\repository\com\github\almasb\fxgl-scene\17.2\fxgl-scene-17.2.jar;C:\Users\levi\IdeaProjects\CasaDosSonhos\target\classes;C:\Users\levi\.m2\repository\org\jetbrains\annotations\13.0\annotations-13.0.jar;C:\Users\levi\.m2\repository\com\github\almasb\fxgl-core\17.2\fxgl-core-17.2.jar;C:\Users\levi\.m2\repository\com\github\almasb\fxgl-gameplay\17.2\fxgl-gameplay-17.2.jar;C:\Users\levi\.m2\repository\com\github\almasb\fxgl-entity\17.2\fxgl-entity-17.2.jar;C:\Users\levi\.m2\repository\org\openjfx\javafx-base\19.0.2\javafx-base-19.0.2-win.jar;C:\Users\levi\.m2\repository\com\fasterxml\jackson\core\jackson-annotations\2.12.1\jackson-annotations-2.12.1.jar;C:\Users\levi\.m2\repository\org\openjfx\javafx-media\19.0.2\javafx-media-19.0.2-win.jar;C:\Users\levi\.m2\repository\com\fasterxml\jackson\core\jackson-core\2.12.1\jackson-core-2.12.1.jar;C:\Users\levi\.m2\repository\org\openjfx\javafx-fxml\19.0.2\javafx-fxml-19.0.2-win.jar;C:\Users\levi\.m2\repository\com\gluonhq\attach\audio\4.0.13\audio-4.0.13.jar;C:\Users\levi\.m2\repository\com\gluonhq\attach\util\4.0.13\util-4.0.13.jar;C:\Users\levi\.m2\repository\com\gluonhq\attach\lifecycle\4.0.-Djdk.module.main=com.example.casadossonhos 
java_command: com.example.casadossonhos/com.example.casadossonhos.Main
java_class_path (initial): C:\Users\levi\.m2\repository\org\openjfx\javafx-controls\19.0.2\javafx-controls-19.0.2.jar;C:\Users\levi\.m2\repository\org\openjfx\javafx-graphics\19.0.2\javafx-graphics-19.0.2.jar;C:\Users\levi\.m2\repository\org\openjfx\javafx-base\19.0.2\javafx-base-19.0.2.jar;C:\Users\levi\.m2\repository\org\openjfx\javafx-fxml\19.0.2\javafx-fxml-19.0.2.jar;C:\Users\levi\.m2\repository\org\openjfx\javafx-media\19.0.2\javafx-media-19.0.2.jar;C:\Users\levi\.m2\repository\org\jetbrains\kotlin\kotlin-stdlib-common\1.6.0\kotlin-stdlib-common-1.6.0.jar
Launcher Type: SUN_STANDARD

[Global flags]
     intx CICompilerCount                          = 3                                         {product} {ergonomic}
     uint ConcGCThreads                            = 1                                         {product} {ergonomic}
     uint G1ConcRefinementThreads                  = 4                                         {product} {ergonomic}
   size_t G1HeapRegionSize                         = 1048576                                   {product} {ergonomic}
    uintx GCDrainStackTargetSize                   = 64                                        {product} {ergonomic}
   size_t InitialHeapSize                          = 134217728                                 {product} {ergonomic}
   size_t MarkStackSize                            = 4194304                                   {product} {ergonomic}
   size_t MaxHeapSize                              = 2126512128                                {product} {ergonomic}
   size_t MaxNewSize                               = 1275068416                                {product} {ergonomic}
   size_t MinHeapDeltaBytes                        = 1048576                                   {product} {ergonomic}
   size_t MinHeapSize                              = 8388608                                   {product} {ergonomic}
    uintx NonNMethodCodeHeapSize                   = 5832780                                {pd product} {ergonomic}
    uintx NonProfiledCodeHeapSize                  = 122912730                              {pd product} {ergonomic}
    uintx ProfiledCodeHeapSize                     = 122912730                              {pd product} {ergonomic}
    uintx ReservedCodeCacheSize                    = 251658240                              {pd product} {ergonomic}
     bool SegmentedCodeCache                       = true                                      {product} {ergonomic}
   size_t SoftMaxHeapSize                          = 2126512128                             {manageable} {ergonomic}
     bool UseCompressedClassPointers               = true                           {product lp64_product} {ergonomic}
     bool UseCompressedOops                        = true                           {product lp64_product} {ergonomic}
     bool UseG1GC                                  = true                                      {product} {ergonomic}
     bool UseLargePagesIndividualAllocation        = false                                  {pd product} {ergonomic}

Logging:
Log output configuration:
 #0: stdout all=warning uptime,level,tags foldmultilines=false
 #1: stderr all=off uptime,level,tags foldmultilines=false

Environment Variables:
PATH=C:\WINDOWS\system32;C:\WINDOWS;C:\Program Files (x86)\Common Files\Oracle\Java\javapath;%path;C:\Users\levi\Desktop\programar\cursoprompt-Aula02\prompt\bin;C:\Program Files\nodejs\;C:\ProgramData\chocolatey\bin;C:\Program Files\MySQL\MySQL Server 8.0\bin;C:\Program Files\MySQL\MySQL Shell 8.0\bin\;C:\Users\levi\AppData\Local\Programs\Python\Python311\Scripts\;C:\Users\levi\AppData\Local\Programs\Python\Python311\;C:\Users\levi\AppData\Local\Microsoft\WindowsApps;C:\Program Files (x86)\HP\Common\HPDestPlgIn\;C:\Users\levi\AppData\Local\Programs\Microsoft VS Code\bin;C:\MinGW\bin;C:\Program Files\JetBrains\IntelliJ IDEA Community Edition 2023.1.1\bin;;C:\Users\levi\AppData\Roaming\npm;C:\tools\Cmder;
USERNAME=levi
OS=Windows_NT
PROCESSOR_IDENTIFIER=Intel64 Family 6 Model 69 Stepping 1, GenuineIntel
TMP=C:\Users\levi\AppData\Local\Temp
TEMP=C:\Users\levi\AppData\Local\Temp



---------------  S Y S T E M  ---------------

OS:
 Windows 10 , 64 bit Build 18362 (10.0.18362.1500)
OS uptime: 0 days 1:30 hours
Hyper-V role detected

CPU: total 4 (initial active 4) (2 cores per cpu, 2 threads per core) family 6 model 69 stepping 1 microcode 0x26, cx8, cmov, fxsr, ht, mmx, sse, sse2, sse3, ssse3, sse4.1, sse4.2, popcnt, lzcnt, tsc, tscinvbit, avx, avx2, aes, erms, clmul, bmi1, bmi2, fma, vzeroupper, clflush, hv, rdtscp

Memory: 4k page, system-wide physical 8107M (2294M free)
TotalPageFile size 10283M (AvailPageFile size 3165M)
current process WorkingSet (physical memory assigned to process): 125M, peak: 126M
current process commit charge ("private bytes"): 292M, peak: 292M

vm_info: Java HotSpot(TM) 64-Bit Server VM (19.0.1+10-21) for windows-amd64 JRE (19.0.1+10-21), built on 2022-09-14T12:45:06Z by "mach5one" with MS VC++ 17.1 (VS2022)

END.
