#
# A fatal error has been detected by the Java Runtime Environment:
#
#  EXCEPTION_ACCESS_VIOLATION (0xc0000005) at pc=0x00007ffe9bd380d6, pid=8048, tid=4360
#
# JRE version: Java(TM) SE Runtime Environment (19.0.1+10) (build 19.0.1+10-21)
# Java VM: Java HotSpot(TM) 64-Bit Server VM (19.0.1+10-21, mixed mode, sharing, tiered, compressed oops, compressed class ptrs, g1 gc, windows-amd64)
# Problematic frame:
# V  [jvm.dll+0x2f80d6]
#
# No core dump will be written. Minidumps are not enabled by default on client versions of Windows
#
# If you would like to submit a bug report, please visit:
#   https://bugreport.java.com/bugreport/crash.jsp
#

---------------  S U M M A R Y ------------

Command Line: -javaagent:C:\Program Files\JetBrains\IntelliJ IDEA Community Edition 2023.1.1\lib\idea_rt.jar=52520:C:\Program Files\JetBrains\IntelliJ IDEA Community Edition 2023.1.1\bin -Dfile.encoding=UTF-8 -Dsun.stdout.encoding=UTF-8 -Dsun.stderr.encoding=UTF-8 --module-path=C:\Users\levi\.m2\repository\com\github\almasb\fxgl-scene\17.2\fxgl-scene-17.2.jar;C:\Users\levi\.m2\repository\org\openjfx\javafx-fxml\19.0.2\javafx-fxml-19.0.2-win.jar;C:\Users\levi\.m2\repository\com\gluonhq\attach\lifecycle\4.0.13\lifecycle-4.0.13.jar;C:\Users\levi\.m2\repository\com\gluonhq\attach\storage\4.0.13\storage-4.0.13.jar;C:\Users\levi\IdeaProjects\CasaDosSonhos\target\classes;C:\Users\levi\.m2\repository\org\openjfx\javafx-base\19.0.2\javafx-base-19.0.2-win.jar;C:\Users\levi\.m2\repository\org\openjfx\javafx-media\19.0.2\javafx-media-19.0.2-win.jar;C:\Users\levi\.m2\repository\org\controlsfx\controlsfx\11.1.2\controlsfx-11.1.2.jar;C:\Users\levi\.m2\repository\com\github\almasb\fxgl-core\17.2\fxgl-core-17.2.jar;C:\Users\levi\.m2\repository\org\kordamp\bootstrapfx\bootstrapfx-core\0.4.0\bootstrapfx-core-0.4.0.jar;C:\Users\levi\.m2\repository\org\openjfx\javafx-controls\19.0.2\javafx-controls-19.0.2-win.jar;C:\Users\levi\.m2\repository\com\fasterxml\jackson\core\jackson-core\2.12.1\jackson-core-2.12.1.jar;C:\Users\levi\.m2\repository\com\github\almasb\fxgl-gameplay\17.2\fxgl-gameplay-17.2.jar;C:\Users\levi\.m2\repository\org\jetbrains\kotlin\kotlin-stdlib\1.6.0\kotlin-stdlib-1.6.0-modular.jar;C:\Users\levi\.m2\repository\com\github\almasb\fxgl-entity\17.2\fxgl-entity-17.2.jar;C:\Users\levi\.m2\repository\org\openjfx\javafx-graphics\19.0.2\javafx-graphics-19.0.2-win.jar;C:\Users\levi\.m2\repository\com\gluonhq\attach\audio\4.0.13\audio-4.0.13.jar;C:\Users\levi\.m2\repository\com\fasterxml\jackson\core\jackson-annotations\2.12.1\jackson-annotations-2.12.1.jar;C:\Users\levi\.m2\repository\com\github\almasb\fxgl\17.2\fxgl-17.2.jar;C:\Users\levi\.m2\repository\com\fasterxml\jackson\core\jackson-databind\2.12.1\jackson-databind-2.12.1.jar;C:\Users\levi\.m2\repository\com\gluonhq\attach\util\4.0.13\util-4.0.13.jar;C:\Users\levi\.m2\repository\com\github\almasb\fxgl-io\17.2\fxgl-io-17.2.jar -Djdk.module.main=com.example.casadossonhos com.example.casadossonhos/com.example.casadossonhos.Main

Host: Intel(R) Core(TM) i5-4210U CPU @ 1.70GHz, 4 cores, 7G,  Windows 10 , 64 bit Build 18362 (10.0.18362.1500)
Time: Sat Nov 25 15:49:58 2023 Hora oficial do Brasil elapsed time: 1.298477 seconds (0d 0h 0m 1s)

---------------  T H R E A D  ---------------

Current thread (0x000002bbfb3a4ff0):  JavaThread "C2 CompilerThread1" daemon [_thread_in_native, id=4360, stack(0x000000c044b00000,0x000000c044c00000)]


Current CompileTask:
C2:   1305  968       4       java.io.DataInputStream::readUTF (501 bytes)

Stack: [0x000000c044b00000,0x000000c044c00000],  sp=0x000000c044bfaa80,  free space=1002k
Native frames: (J=compiled Java code, j=interpreted, Vv=VM code, C=native code)
V  [jvm.dll+0x2f80d6]
V  [jvm.dll+0x5f0c5b]
V  [jvm.dll+0x254d73]
V  [jvm.dll+0x24d901]
V  [jvm.dll+0x24b563]
V  [jvm.dll+0x1d6d61]
V  [jvm.dll+0x25b0fa]
V  [jvm.dll+0x259588]
V  [jvm.dll+0x807928]
V  [jvm.dll+0x8015fa]
V  [jvm.dll+0x6ed5eb]
C  [ucrtbase.dll+0x210b2]
C  [KERNEL32.DLL+0x17c24]
C  [ntdll.dll+0x6d721]


siginfo: EXCEPTION_ACCESS_VIOLATION (0xc0000005), reading address 0x0000000000000030


Registers:
RAX=0x000000000000014f, RBX=0x0000000000000000, RCX=0x000002bbfb6c8830, RDX=0x000002bbfb6c8860
RSP=0x000000c044bfaa80, RBP=0x000002bbfb6c1f80, RSI=0x000002bbfb110a90, RDI=0x000002bbf69ed250
R8 =0x0000000000000000, R9 =0x000000000000081c, R10=0x000000000000096b, R11=0x000002bbfb6c1fd0
R12=0x0000000000000000, R13=0x000002bbfad01a28, R14=0x000000c044bfaeb0, R15=0x000002bbfacfcb50
RIP=0x00007ffe9bd380d6, EFLAGS=0x0000000000010283


Register to memory mapping:

RIP=0x00007ffe9bd380d6 jvm.dll
RAX=0x000000000000014f is an unknown value
RBX=0x0 is NULL
RCX=0x000002bbfb6c8830 points into unknown readable memory: 0x000002bbfacb2d30 | 30 2d cb fa bb 02 00 00
RDX=0x000002bbfb6c8860 points into unknown readable memory: 0x0000000000000000 | 00 00 00 00 00 00 00 00
RSP=0x000000c044bfaa80 is pointing into the stack for thread: 0x000002bbfb3a4ff0
RBP=0x000002bbfb6c1f80 points into unknown readable memory: 0x0000000000000000 | 00 00 00 00 00 00 00 00
RSI=0x000002bbfb110a90 points into unknown readable memory: 0x616a002400000007 | 07 00 00 00 24 00 6a 61
RDI=0x000002bbf69ed250 points into unknown readable memory: 0xffffffff00000001 | 01 00 00 00 ff ff ff ff
R8 =0x0 is NULL
R9 =0x000000000000081c is an unknown value
R10=0x000000000000096b is an unknown value
R11=0x000002bbfb6c1fd0 points into unknown readable memory: 0x000002bbfac6be30 | 30 be c6 fa bb 02 00 00
R12=0x0 is NULL
R13=0x000002bbfad01a28 points into unknown readable memory: 0x0000000000000000 | 00 00 00 00 00 00 00 00
R14=0x000000c044bfaeb0 is pointing into the stack for thread: 0x000002bbfb3a4ff0
R15=0x000002bbfacfcb50 points into unknown readable memory: 0x000002bbfb6c1f70 | 70 1f 6c fb bb 02 00 00


Top of Stack: (sp=0x000000c044bfaa80)
0x000000c044bfaa80:   000002bbfb6c1f80 000000c044bfaad0
0x000000c044bfaa90:   000000c044bfaeb0 000002bbf69ed250
0x000000c044bfaaa0:   0000000000000000 000002bbfb110a90
0x000000c044bfaab0:   000002bbfacfcb50 000002bbfad01a28
0x000000c044bfaac0:   00000000000a1f80 000002bbfad04b38
0x000000c044bfaad0:   000000c000000100 000002bbf69f34c0
0x000000c044bfaae0:   000000c000000100 000002bbfb110a90
0x000000c044bfaaf0:   0000000000000002 000002bbd8a69dc0
0x000000c044bfab00:   0000000000000000 000002bbfb6c1f00
0x000000c044bfab10:   0000000000000000 000000c044bfaeb0
0x000000c044bfab20:   0000000000000001 000000c044bfac40
0x000000c044bfab30:   0000000000000000 00007ffe9c030c5b
0x000000c044bfab40:   000000c044bfaeb0 000000c00000096b
0x000000c044bfab50:   000002bbf69ed250 000002bbfb6c1f80
0x000000c044bfab60:   0000000000010020 0000000000010010
0x000000c044bfab70:   0000000000000001 000002bbd68a0000 

Instructions: (pc=0x00007ffe9bd380d6)
0x00007ffe9bd37fd6:   00 49 8b d7 48 8d 8b 88 09 00 00 e8 7a db 41 00
0x00007ffe9bd37fe6:   48 8d 8b e0 09 00 00 49 8b d7 e8 cb 93 dc ff 8b
0x00007ffe9bd37ff6:   d5 49 8b cf e8 41 3e 3d 00 49 8b 7f 10 41 8b 47
0x00007ffe9bd38006:   20 4c 8d 34 c7 49 3b fe 73 46 48 8b 37 8b 46 2c
0x00007ffe9bd38016:   83 e0 0f 3c 0c 75 30 49 8b 9c 24 88 09 00 00 48
0x00007ffe9bd38026:   8b d6 48 8d 8b 88 09 00 00 e8 2c db 41 00 48 8d
0x00007ffe9bd38036:   8b e0 09 00 00 48 8b d6 e8 7d 93 dc ff 8b d5 48
0x00007ffe9bd38046:   8b ce e8 f3 3d 3d 00 48 83 c7 08 49 3b fe 72 ba
0x00007ffe9bd38056:   ff cd ff c5 41 3b 6f 18 0f 82 1c ff ff ff 4c 8b
0x00007ffe9bd38066:   b4 24 c0 00 00 00 45 33 e4 48 8b ac 24 d8 00 00
0x00007ffe9bd38076:   00 48 8b bc 24 d0 00 00 00 49 83 ed 50 48 83 6c
0x00007ffe9bd38086:   24 20 01 0f 85 b1 fc ff ff 8b 84 24 c8 00 00 00
0x00007ffe9bd38096:   48 8b 74 24 28 4c 8b 7c 24 30 4c 8b 6c 24 38 4c
0x00007ffe9bd380a6:   63 d0 49 83 fa 02 7e 41 48 8d 95 d0 00 00 00 4d
0x00007ffe9bd380b6:   8d 4a fe 0f 1f 80 00 00 00 00 8b 42 d8 4c 8b 02
0x00007ffe9bd380c6:   48 8d 0c 80 48 c1 e1 04 48 03 cd 4c 3b c1 74 07
0x00007ffe9bd380d6:   49 8b 40 30 48 89 02 4c 89 62 10 4c 89 62 18 48
0x00007ffe9bd380e6:   83 c2 50 49 83 e9 01 75 d1 49 8b 46 10 48 8b 88
0x00007ffe9bd380f6:   d0 02 00 00 8b 41 28 8b 0c 87 48 8d 3c 89 48 c1
0x00007ffe9bd38106:   e7 04 48 03 fd 4c 89 67 30 4c 89 67 10 4c 89 67
0x00007ffe9bd38116:   40 4c 89 67 48 49 83 fa 01 7e 5d 4c 8d 45 50 49
0x00007ffe9bd38126:   ff ca 0f 1f 84 00 00 00 00 00 4d 8b 48 30 4d 85
0x00007ffe9bd38136:   c9 74 22 49 8b 00 49 8b 8e f8 09 00 00 8b 50 28
0x00007ffe9bd38146:   49 8b 01 48 89 04 d1 49 8b 41 40 49 89 40 48 4d
0x00007ffe9bd38156:   89 41 40 eb 19 49 8b 46 10 48 8b 88 d0 02 00 00
0x00007ffe9bd38166:   49 8b 86 f8 09 00 00 8b 51 28 4c 89 24 d0 49 83
0x00007ffe9bd38176:   c0 50 49 83 ea 01 75 b2 49 8b 46 10 33 d2 49 8b
0x00007ffe9bd38186:   9e 00 0a 00 00 8b 88 40 02 00 00 ff c1 48 c1 e1
0x00007ffe9bd38196:   03 e8 54 b0 44 00 4c 8b c8 48 89 38 4c 8d 40 08
0x00007ffe9bd381a6:   66 66 0f 1f 84 00 00 00 00 00 41 ff c4 4d 8b d0
0x00007ffe9bd381b6:   66 66 0f 1f 84 00 00 00 00 00 49 8b 09 49 83 c1
0x00007ffe9bd381c6:   08 66 0f 1f 84 00 00 00 00 00 48 8b 01 8b 50 28 


Stack slot to memory mapping:
stack at sp + 0 slots: 0x000002bbfb6c1f80 points into unknown readable memory: 0x0000000000000000 | 00 00 00 00 00 00 00 00
stack at sp + 1 slots: 0x000000c044bfaad0 is pointing into the stack for thread: 0x000002bbfb3a4ff0
stack at sp + 2 slots: 0x000000c044bfaeb0 is pointing into the stack for thread: 0x000002bbfb3a4ff0
stack at sp + 3 slots: 0x000002bbf69ed250 points into unknown readable memory: 0xffffffff00000001 | 01 00 00 00 ff ff ff ff
stack at sp + 4 slots: 0x0 is NULL
stack at sp + 5 slots: 0x000002bbfb110a90 points into unknown readable memory: 0x616a002400000007 | 07 00 00 00 24 00 6a 61
stack at sp + 6 slots: 0x000002bbfacfcb50 points into unknown readable memory: 0x000002bbfb6c1f70 | 70 1f 6c fb bb 02 00 00
stack at sp + 7 slots: 0x000002bbfad01a28 points into unknown readable memory: 0x0000000000000000 | 00 00 00 00 00 00 00 00


---------------  P R O C E S S  ---------------

Threads class SMR info:
_java_thread_list=0x000002bbfc2860a0, length=19, elements={
0x000002bbd8a4db60, 0x000002bbf69d0410, 0x000002bbf69d1200, 0x000002bbf69d3930,
0x000002bbf69d5470, 0x000002bbf69d8690, 0x000002bbf69dcda0, 0x000002bbf69de2e0,
0x000002bbf69e10e0, 0x000002bbf69fb250, 0x000002bbfacc1e90, 0x000002bbfacc3e70,
0x000002bbfacc3920, 0x000002bbfacc33d0, 0x000002bbfb3a4ff0, 0x000002bbfacc1940,
0x000002bbfacc23e0, 0x000002bbfacc2e80, 0x000002bbfacc0ea0
}

Java Threads: ( => current thread )
  0x000002bbd8a4db60 JavaThread "main" [_thread_blocked, id=15060, stack(0x000000c043200000,0x000000c043300000)]
  0x000002bbf69d0410 JavaThread "Reference Handler" daemon [_thread_blocked, id=9716, stack(0x000000c043900000,0x000000c043a00000)]
  0x000002bbf69d1200 JavaThread "Finalizer" daemon [_thread_blocked, id=8404, stack(0x000000c043a00000,0x000000c043b00000)]
  0x000002bbf69d3930 JavaThread "Signal Dispatcher" daemon [_thread_blocked, id=13140, stack(0x000000c043b00000,0x000000c043c00000)]
  0x000002bbf69d5470 JavaThread "Attach Listener" daemon [_thread_blocked, id=4824, stack(0x000000c043c00000,0x000000c043d00000)]
  0x000002bbf69d8690 JavaThread "Service Thread" daemon [_thread_blocked, id=3376, stack(0x000000c043d00000,0x000000c043e00000)]
  0x000002bbf69dcda0 JavaThread "Monitor Deflation Thread" daemon [_thread_blocked, id=9156, stack(0x000000c043e00000,0x000000c043f00000)]
  0x000002bbf69de2e0 JavaThread "C2 CompilerThread0" daemon [_thread_blocked, id=9924, stack(0x000000c043f00000,0x000000c044000000)]
  0x000002bbf69e10e0 JavaThread "C1 CompilerThread0" daemon [_thread_in_native, id=13468, stack(0x000000c044000000,0x000000c044100000)]
  0x000002bbf69fb250 JavaThread "Sweeper thread" daemon [_thread_blocked, id=9184, stack(0x000000c044100000,0x000000c044200000)]
  0x000002bbfacc1e90 JavaThread "Common-Cleaner" daemon [_thread_blocked, id=844, stack(0x000000c044200000,0x000000c044300000)]
  0x000002bbfacc3e70 JavaThread "Monitor Ctrl-Break" daemon [_thread_in_native, id=288, stack(0x000000c044400000,0x000000c044500000)]
  0x000002bbfacc3920 JavaThread "Notification Thread" daemon [_thread_blocked, id=4600, stack(0x000000c044500000,0x000000c044600000)]
  0x000002bbfacc33d0 JavaThread "QuantumRenderer-0" daemon [_thread_blocked, id=2088, stack(0x000000c044300000,0x000000c044400000)]
=>0x000002bbfb3a4ff0 JavaThread "C2 CompilerThread1" daemon [_thread_in_native, id=4360, stack(0x000000c044b00000,0x000000c044c00000)]
  0x000002bbfacc1940 JavaThread "InvokeLaterDispatcher" daemon [_thread_blocked, id=15076, stack(0x000000c044c00000,0x000000c044d00000)]
  0x000002bbfacc23e0 JavaThread "JavaFX Application Thread" [_thread_in_vm, id=8348, stack(0x000000c044d00000,0x000000c044e00000)]
  0x000002bbfacc2e80 JavaThread "Thread-1" daemon [_thread_in_native, id=4080, stack(0x000000c044f00000,0x000000c045000000)]
  0x000002bbfacc0ea0 JavaThread "JavaFX-Launcher" [_thread_blocked, id=15164, stack(0x000000c045000000,0x000000c045100000)]

Other Threads:
  0x000002bbf69b6cb0 VMThread "VM Thread" [stack: 0x000000c043800000,0x000000c043900000] [id=14304]
  0x000002bbfb08ff60 WatcherThread "VM Periodic Task Thread" [stack: 0x000000c044600000,0x000000c044700000] [id=11484]
  0x000002bbd699b830 WorkerThread "GC Thread#0" [stack: 0x000000c043300000,0x000000c043400000] [id=9576]
  0x000002bbfb0220a0 WorkerThread "GC Thread#1" [stack: 0x000000c044700000,0x000000c044800000] [id=6204]
  0x000002bbfaf90840 WorkerThread "GC Thread#2" [stack: 0x000000c044800000,0x000000c044900000] [id=5576]
  0x000002bbfb02f650 WorkerThread "GC Thread#3" [stack: 0x000000c044900000,0x000000c044a00000] [id=10512]
  0x000002bbd699c760 ConcurrentGCThread "G1 Main Marker" [stack: 0x000000c043400000,0x000000c043500000] [id=240]
  0x000002bbd699d210 WorkerThread "G1 Conc#0" [stack: 0x000000c043500000,0x000000c043600000] [id=10500]
  0x000002bbf686d270 ConcurrentGCThread "G1 Refine#0" [stack: 0x000000c043600000,0x000000c043700000] [id=12372]
  0x000002bbf686e460 ConcurrentGCThread "G1 Service" [stack: 0x000000c043700000,0x000000c043800000] [id=11164]

Threads with active compile tasks:
C1 CompilerThread0     2251 1418       3       java.util.ArrayList::indexOfRange (71 bytes)
C2 CompilerThread1     2251  968       4       java.io.DataInputStream::readUTF (501 bytes)

VM state: not at safepoint (normal execution)

VM Mutex/Monitor currently owned by a thread: None

Heap address: 0x0000000081400000, size: 2028 MB, Compressed Oops mode: 32-bit

CDS archive(s) mapped at: [0x0000000800000000-0x0000000800c40000-0x0000000800c40000), size 12845056, SharedBaseAddress: 0x0000000800000000, ArchiveRelocationMode: 0.
Compressed class space mapped at: 0x0000000801000000-0x0000000841000000, reserved size: 1073741824
Narrow klass base: 0x0000000800000000, Narrow klass shift: 0, Narrow klass range: 0x100000000

GC Precious Log:
 CardTable entry size: 512
 Card Set container configuration: InlinePtr #cards 5 size 8 Array Of Cards #cards 12 size 40 Howl #buckets 4 coarsen threshold 1843 Howl Bitmap #cards 512 size 80 coarsen threshold 460 Card regions per heap region 1 cards per card region 2048
 CPUs: 4 total, 4 available
 Memory: 8107M
 Large Page Support: Disabled
 NUMA Support: Disabled
 Compressed Oops: Enabled (32-bit)
 Heap Region Size: 1M
 Heap Min Capacity: 8M
 Heap Initial Capacity: 128M
 Heap Max Capacity: 2028M
 Pre-touch: Disabled
 Parallel Workers: 4
 Concurrent Workers: 1
 Concurrent Refinement Workers: 4
 Periodic GC: Disabled

Heap:
 garbage-first heap   total 131072K, used 10579K [0x0000000081400000, 0x0000000100000000)
  region size 1024K, 11 young (11264K), 3 survivors (3072K)
 Metaspace       used 8876K, committed 9088K, reserved 1114112K
  class space    used 1166K, committed 1280K, reserved 1048576K

Heap Regions: E=young(eden), S=young(survivor), O=old, HS=humongous(starts), HC=humongous(continues), CS=collection set, F=free, OA=open archive, CA=closed archive, TAMS=top-at-mark-start (previous, next)
|   0|0x0000000081400000, 0x0000000081500000, 0x0000000081500000|100%| O|  |TAMS 0x0000000081400000, 0x0000000081400000| Untracked 
|   1|0x0000000081500000, 0x0000000081591c00, 0x0000000081600000| 56%| O|  |TAMS 0x0000000081500000, 0x0000000081500000| Untracked 
|   2|0x0000000081600000, 0x0000000081600000, 0x0000000081700000|  0%| F|  |TAMS 0x0000000081600000, 0x0000000081600000| Untracked 
|   3|0x0000000081700000, 0x0000000081700000, 0x0000000081800000|  0%| F|  |TAMS 0x0000000081700000, 0x0000000081700000| Untracked 
|   4|0x0000000081800000, 0x0000000081800000, 0x0000000081900000|  0%| F|  |TAMS 0x0000000081800000, 0x0000000081800000| Untracked 
|   5|0x0000000081900000, 0x0000000081900000, 0x0000000081a00000|  0%| F|  |TAMS 0x0000000081900000, 0x0000000081900000| Untracked 
|   6|0x0000000081a00000, 0x0000000081a00000, 0x0000000081b00000|  0%| F|  |TAMS 0x0000000081a00000, 0x0000000081a00000| Untracked 
|   7|0x0000000081b00000, 0x0000000081b00000, 0x0000000081c00000|  0%| F|  |TAMS 0x0000000081b00000, 0x0000000081b00000| Untracked 
|   8|0x0000000081c00000, 0x0000000081c00000, 0x0000000081d00000|  0%| F|  |TAMS 0x0000000081c00000, 0x0000000081c00000| Untracked 
|   9|0x0000000081d00000, 0x0000000081d00000, 0x0000000081e00000|  0%| F|  |TAMS 0x0000000081d00000, 0x0000000081d00000| Untracked 
|  10|0x0000000081e00000, 0x0000000081e00000, 0x0000000081f00000|  0%| F|  |TAMS 0x0000000081e00000, 0x0000000081e00000| Untracked 
|  11|0x0000000081f00000, 0x0000000081f00000, 0x0000000082000000|  0%| F|  |TAMS 0x0000000081f00000, 0x0000000081f00000| Untracked 
|  12|0x0000000082000000, 0x0000000082000000, 0x0000000082100000|  0%| F|  |TAMS 0x0000000082000000, 0x0000000082000000| Untracked 
|  13|0x0000000082100000, 0x0000000082100000, 0x0000000082200000|  0%| F|  |TAMS 0x0000000082100000, 0x0000000082100000| Untracked 
|  14|0x0000000082200000, 0x0000000082200000, 0x0000000082300000|  0%| F|  |TAMS 0x0000000082200000, 0x0000000082200000| Untracked 
|  15|0x0000000082300000, 0x0000000082300000, 0x0000000082400000|  0%| F|  |TAMS 0x0000000082300000, 0x0000000082300000| Untracked 
|  16|0x0000000082400000, 0x0000000082400000, 0x0000000082500000|  0%| F|  |TAMS 0x0000000082400000, 0x0000000082400000| Untracked 
|  17|0x0000000082500000, 0x0000000082500000, 0x0000000082600000|  0%| F|  |TAMS 0x0000000082500000, 0x0000000082500000| Untracked 
|  18|0x0000000082600000, 0x0000000082600000, 0x0000000082700000|  0%| F|  |TAMS 0x0000000082600000, 0x0000000082600000| Untracked 
|  19|0x0000000082700000, 0x0000000082700000, 0x0000000082800000|  0%| F|  |TAMS 0x0000000082700000, 0x0000000082700000| Untracked 
|  20|0x0000000082800000, 0x0000000082800000, 0x0000000082900000|  0%| F|  |TAMS 0x0000000082800000, 0x0000000082800000| Untracked 
|  21|0x0000000082900000, 0x0000000082900000, 0x0000000082a00000|  0%| F|  |TAMS 0x0000000082900000, 0x0000000082900000| Untracked 
|  22|0x0000000082a00000, 0x0000000082a00000, 0x0000000082b00000|  0%| F|  |TAMS 0x0000000082a00000, 0x0000000082a00000| Untracked 
|  23|0x0000000082b00000, 0x0000000082b00000, 0x0000000082c00000|  0%| F|  |TAMS 0x0000000082b00000, 0x0000000082b00000| Untracked 
|  24|0x0000000082c00000, 0x0000000082c00000, 0x0000000082d00000|  0%| F|  |TAMS 0x0000000082c00000, 0x0000000082c00000| Untracked 
|  25|0x0000000082d00000, 0x0000000082d00000, 0x0000000082e00000|  0%| F|  |TAMS 0x0000000082d00000, 0x0000000082d00000| Untracked 
|  26|0x0000000082e00000, 0x0000000082e00000, 0x0000000082f00000|  0%| F|  |TAMS 0x0000000082e00000, 0x0000000082e00000| Untracked 
|  27|0x0000000082f00000, 0x0000000082f00000, 0x0000000083000000|  0%| F|  |TAMS 0x0000000082f00000, 0x0000000082f00000| Untracked 
|  28|0x0000000083000000, 0x0000000083000000, 0x0000000083100000|  0%| F|  |TAMS 0x0000000083000000, 0x0000000083000000| Untracked 
|  29|0x0000000083100000, 0x0000000083100000, 0x0000000083200000|  0%| F|  |TAMS 0x0000000083100000, 0x0000000083100000| Untracked 
|  30|0x0000000083200000, 0x0000000083200000, 0x0000000083300000|  0%| F|  |TAMS 0x0000000083200000, 0x0000000083200000| Untracked 
|  31|0x0000000083300000, 0x0000000083300000, 0x0000000083400000|  0%| F|  |TAMS 0x0000000083300000, 0x0000000083300000| Untracked 
|  32|0x0000000083400000, 0x0000000083400000, 0x0000000083500000|  0%| F|  |TAMS 0x0000000083400000, 0x0000000083400000| Untracked 
|  33|0x0000000083500000, 0x0000000083500000, 0x0000000083600000|  0%| F|  |TAMS 0x0000000083500000, 0x0000000083500000| Untracked 
|  34|0x0000000083600000, 0x0000000083600000, 0x0000000083700000|  0%| F|  |TAMS 0x0000000083600000, 0x0000000083600000| Untracked 
|  35|0x0000000083700000, 0x0000000083700000, 0x0000000083800000|  0%| F|  |TAMS 0x0000000083700000, 0x0000000083700000| Untracked 
|  36|0x0000000083800000, 0x0000000083800000, 0x0000000083900000|  0%| F|  |TAMS 0x0000000083800000, 0x0000000083800000| Untracked 
|  37|0x0000000083900000, 0x0000000083900000, 0x0000000083a00000|  0%| F|  |TAMS 0x0000000083900000, 0x0000000083900000| Untracked 
|  38|0x0000000083a00000, 0x0000000083a00000, 0x0000000083b00000|  0%| F|  |TAMS 0x0000000083a00000, 0x0000000083a00000| Untracked 
|  39|0x0000000083b00000, 0x0000000083b00000, 0x0000000083c00000|  0%| F|  |TAMS 0x0000000083b00000, 0x0000000083b00000| Untracked 
|  40|0x0000000083c00000, 0x0000000083c00000, 0x0000000083d00000|  0%| F|  |TAMS 0x0000000083c00000, 0x0000000083c00000| Untracked 
|  41|0x0000000083d00000, 0x0000000083d00000, 0x0000000083e00000|  0%| F|  |TAMS 0x0000000083d00000, 0x0000000083d00000| Untracked 
|  42|0x0000000083e00000, 0x0000000083e00000, 0x0000000083f00000|  0%| F|  |TAMS 0x0000000083e00000, 0x0000000083e00000| Untracked 
|  43|0x0000000083f00000, 0x0000000083f00000, 0x0000000084000000|  0%| F|  |TAMS 0x0000000083f00000, 0x0000000083f00000| Untracked 
|  44|0x0000000084000000, 0x0000000084000000, 0x0000000084100000|  0%| F|  |TAMS 0x0000000084000000, 0x0000000084000000| Untracked 
|  45|0x0000000084100000, 0x0000000084100000, 0x0000000084200000|  0%| F|  |TAMS 0x0000000084100000, 0x0000000084100000| Untracked 
|  46|0x0000000084200000, 0x0000000084200000, 0x0000000084300000|  0%| F|  |TAMS 0x0000000084200000, 0x0000000084200000| Untracked 
|  47|0x0000000084300000, 0x0000000084300000, 0x0000000084400000|  0%| F|  |TAMS 0x0000000084300000, 0x0000000084300000| Untracked 
|  48|0x0000000084400000, 0x0000000084400000, 0x0000000084500000|  0%| F|  |TAMS 0x0000000084400000, 0x0000000084400000| Untracked 
|  49|0x0000000084500000, 0x0000000084500000, 0x0000000084600000|  0%| F|  |TAMS 0x0000000084500000, 0x0000000084500000| Untracked 
|  50|0x0000000084600000, 0x0000000084600000, 0x0000000084700000|  0%| F|  |TAMS 0x0000000084600000, 0x0000000084600000| Untracked 
|  51|0x0000000084700000, 0x0000000084700000, 0x0000000084800000|  0%| F|  |TAMS 0x0000000084700000, 0x0000000084700000| Untracked 
|  52|0x0000000084800000, 0x0000000084800000, 0x0000000084900000|  0%| F|  |TAMS 0x0000000084800000, 0x0000000084800000| Untracked 
|  53|0x0000000084900000, 0x0000000084900000, 0x0000000084a00000|  0%| F|  |TAMS 0x0000000084900000, 0x0000000084900000| Untracked 
|  54|0x0000000084a00000, 0x0000000084a00000, 0x0000000084b00000|  0%| F|  |TAMS 0x0000000084a00000, 0x0000000084a00000| Untracked 
|  55|0x0000000084b00000, 0x0000000084b00000, 0x0000000084c00000|  0%| F|  |TAMS 0x0000000084b00000, 0x0000000084b00000| Untracked 
|  56|0x0000000084c00000, 0x0000000084c00000, 0x0000000084d00000|  0%| F|  |TAMS 0x0000000084c00000, 0x0000000084c00000| Untracked 
|  57|0x0000000084d00000, 0x0000000084d00000, 0x0000000084e00000|  0%| F|  |TAMS 0x0000000084d00000, 0x0000000084d00000| Untracked 
|  58|0x0000000084e00000, 0x0000000084e00000, 0x0000000084f00000|  0%| F|  |TAMS 0x0000000084e00000, 0x0000000084e00000| Untracked 
|  59|0x0000000084f00000, 0x0000000084f00000, 0x0000000085000000|  0%| F|  |TAMS 0x0000000084f00000, 0x0000000084f00000| Untracked 
|  60|0x0000000085000000, 0x0000000085000000, 0x0000000085100000|  0%| F|  |TAMS 0x0000000085000000, 0x0000000085000000| Untracked 
|  61|0x0000000085100000, 0x0000000085100000, 0x0000000085200000|  0%| F|  |TAMS 0x0000000085100000, 0x0000000085100000| Untracked 
|  62|0x0000000085200000, 0x0000000085200000, 0x0000000085300000|  0%| F|  |TAMS 0x0000000085200000, 0x0000000085200000| Untracked 
|  63|0x0000000085300000, 0x0000000085300000, 0x0000000085400000|  0%| F|  |TAMS 0x0000000085300000, 0x0000000085300000| Untracked 
|  64|0x0000000085400000, 0x0000000085400000, 0x0000000085500000|  0%| F|  |TAMS 0x0000000085400000, 0x0000000085400000| Untracked 
|  65|0x0000000085500000, 0x0000000085500000, 0x0000000085600000|  0%| F|  |TAMS 0x0000000085500000, 0x0000000085500000| Untracked 
|  66|0x0000000085600000, 0x0000000085600000, 0x0000000085700000|  0%| F|  |TAMS 0x0000000085600000, 0x0000000085600000| Untracked 
|  67|0x0000000085700000, 0x0000000085700000, 0x0000000085800000|  0%| F|  |TAMS 0x0000000085700000, 0x0000000085700000| Untracked 
|  68|0x0000000085800000, 0x0000000085800000, 0x0000000085900000|  0%| F|  |TAMS 0x0000000085800000, 0x0000000085800000| Untracked 
|  69|0x0000000085900000, 0x0000000085900000, 0x0000000085a00000|  0%| F|  |TAMS 0x0000000085900000, 0x0000000085900000| Untracked 
|  70|0x0000000085a00000, 0x0000000085a00000, 0x0000000085b00000|  0%| F|  |TAMS 0x0000000085a00000, 0x0000000085a00000| Untracked 
|  71|0x0000000085b00000, 0x0000000085b00000, 0x0000000085c00000|  0%| F|  |TAMS 0x0000000085b00000, 0x0000000085b00000| Untracked 
|  72|0x0000000085c00000, 0x0000000085c00000, 0x0000000085d00000|  0%| F|  |TAMS 0x0000000085c00000, 0x0000000085c00000| Untracked 
|  73|0x0000000085d00000, 0x0000000085d00000, 0x0000000085e00000|  0%| F|  |TAMS 0x0000000085d00000, 0x0000000085d00000| Untracked 
|  74|0x0000000085e00000, 0x0000000085e00000, 0x0000000085f00000|  0%| F|  |TAMS 0x0000000085e00000, 0x0000000085e00000| Untracked 
|  75|0x0000000085f00000, 0x0000000085f00000, 0x0000000086000000|  0%| F|  |TAMS 0x0000000085f00000, 0x0000000085f00000| Untracked 
|  76|0x0000000086000000, 0x0000000086000000, 0x0000000086100000|  0%| F|  |TAMS 0x0000000086000000, 0x0000000086000000| Untracked 
|  77|0x0000000086100000, 0x0000000086100000, 0x0000000086200000|  0%| F|  |TAMS 0x0000000086100000, 0x0000000086100000| Untracked 
|  78|0x0000000086200000, 0x0000000086200000, 0x0000000086300000|  0%| F|  |TAMS 0x0000000086200000, 0x0000000086200000| Untracked 
|  79|0x0000000086300000, 0x0000000086300000, 0x0000000086400000|  0%| F|  |TAMS 0x0000000086300000, 0x0000000086300000| Untracked 
|  80|0x0000000086400000, 0x0000000086400000, 0x0000000086500000|  0%| F|  |TAMS 0x0000000086400000, 0x0000000086400000| Untracked 
|  81|0x0000000086500000, 0x0000000086500000, 0x0000000086600000|  0%| F|  |TAMS 0x0000000086500000, 0x0000000086500000| Untracked 
|  82|0x0000000086600000, 0x0000000086600000, 0x0000000086700000|  0%| F|  |TAMS 0x0000000086600000, 0x0000000086600000| Untracked 
|  83|0x0000000086700000, 0x0000000086700000, 0x0000000086800000|  0%| F|  |TAMS 0x0000000086700000, 0x0000000086700000| Untracked 
|  84|0x0000000086800000, 0x0000000086800000, 0x0000000086900000|  0%| F|  |TAMS 0x0000000086800000, 0x0000000086800000| Untracked 
|  85|0x0000000086900000, 0x0000000086900000, 0x0000000086a00000|  0%| F|  |TAMS 0x0000000086900000, 0x0000000086900000| Untracked 
|  86|0x0000000086a00000, 0x0000000086a00000, 0x0000000086b00000|  0%| F|  |TAMS 0x0000000086a00000, 0x0000000086a00000| Untracked 
|  87|0x0000000086b00000, 0x0000000086b00000, 0x0000000086c00000|  0%| F|  |TAMS 0x0000000086b00000, 0x0000000086b00000| Untracked 
|  88|0x0000000086c00000, 0x0000000086c00000, 0x0000000086d00000|  0%| F|  |TAMS 0x0000000086c00000, 0x0000000086c00000| Untracked 
|  89|0x0000000086d00000, 0x0000000086d00000, 0x0000000086e00000|  0%| F|  |TAMS 0x0000000086d00000, 0x0000000086d00000| Untracked 
|  90|0x0000000086e00000, 0x0000000086e00000, 0x0000000086f00000|  0%| F|  |TAMS 0x0000000086e00000, 0x0000000086e00000| Untracked 
|  91|0x0000000086f00000, 0x0000000086f00000, 0x0000000087000000|  0%| F|  |TAMS 0x0000000086f00000, 0x0000000086f00000| Untracked 
|  92|0x0000000087000000, 0x0000000087000000, 0x0000000087100000|  0%| F|  |TAMS 0x0000000087000000, 0x0000000087000000| Untracked 
|  93|0x0000000087100000, 0x0000000087100000, 0x0000000087200000|  0%| F|  |TAMS 0x0000000087100000, 0x0000000087100000| Untracked 
|  94|0x0000000087200000, 0x0000000087200000, 0x0000000087300000|  0%| F|  |TAMS 0x0000000087200000, 0x0000000087200000| Untracked 
|  95|0x0000000087300000, 0x0000000087300000, 0x0000000087400000|  0%| F|  |TAMS 0x0000000087300000, 0x0000000087300000| Untracked 
|  96|0x0000000087400000, 0x0000000087400000, 0x0000000087500000|  0%| F|  |TAMS 0x0000000087400000, 0x0000000087400000| Untracked 
|  97|0x0000000087500000, 0x0000000087500000, 0x0000000087600000|  0%| F|  |TAMS 0x0000000087500000, 0x0000000087500000| Untracked 
|  98|0x0000000087600000, 0x0000000087600000, 0x0000000087700000|  0%| F|  |TAMS 0x0000000087600000, 0x0000000087600000| Untracked 
|  99|0x0000000087700000, 0x0000000087700000, 0x0000000087800000|  0%| F|  |TAMS 0x0000000087700000, 0x0000000087700000| Untracked 
| 100|0x0000000087800000, 0x0000000087800000, 0x0000000087900000|  0%| F|  |TAMS 0x0000000087800000, 0x0000000087800000| Untracked 
| 101|0x0000000087900000, 0x0000000087900000, 0x0000000087a00000|  0%| F|  |TAMS 0x0000000087900000, 0x0000000087900000| Untracked 
| 102|0x0000000087a00000, 0x0000000087a00000, 0x0000000087b00000|  0%| F|  |TAMS 0x0000000087a00000, 0x0000000087a00000| Untracked 
| 103|0x0000000087b00000, 0x0000000087b00000, 0x0000000087c00000|  0%| F|  |TAMS 0x0000000087b00000, 0x0000000087b00000| Untracked 
| 104|0x0000000087c00000, 0x0000000087c00000, 0x0000000087d00000|  0%| F|  |TAMS 0x0000000087c00000, 0x0000000087c00000| Untracked 
| 105|0x0000000087d00000, 0x0000000087dc3190, 0x0000000087e00000| 76%| S|CS|TAMS 0x0000000087d00000, 0x0000000087d00000| Complete 
| 106|0x0000000087e00000, 0x0000000087f00000, 0x0000000087f00000|100%| S|CS|TAMS 0x0000000087e00000, 0x0000000087e00000| Complete 
| 107|0x0000000087f00000, 0x0000000088000000, 0x0000000088000000|100%| S|CS|TAMS 0x0000000087f00000, 0x0000000087f00000| Complete 
| 108|0x0000000088000000, 0x0000000088000000, 0x0000000088100000|  0%| F|  |TAMS 0x0000000088000000, 0x0000000088000000| Untracked 
| 109|0x0000000088100000, 0x0000000088100000, 0x0000000088200000|  0%| F|  |TAMS 0x0000000088100000, 0x0000000088100000| Untracked 
| 110|0x0000000088200000, 0x0000000088200000, 0x0000000088300000|  0%| F|  |TAMS 0x0000000088200000, 0x0000000088200000| Untracked 
| 111|0x0000000088300000, 0x0000000088300000, 0x0000000088400000|  0%| F|  |TAMS 0x0000000088300000, 0x0000000088300000| Untracked 
| 112|0x0000000088400000, 0x0000000088400000, 0x0000000088500000|  0%| F|  |TAMS 0x0000000088400000, 0x0000000088400000| Untracked 
| 113|0x0000000088500000, 0x0000000088500000, 0x0000000088600000|  0%| F|  |TAMS 0x0000000088500000, 0x0000000088500000| Untracked 
| 114|0x0000000088600000, 0x0000000088600000, 0x0000000088700000|  0%| F|  |TAMS 0x0000000088600000, 0x0000000088600000| Untracked 
| 115|0x0000000088700000, 0x0000000088700000, 0x0000000088800000|  0%| F|  |TAMS 0x0000000088700000, 0x0000000088700000| Untracked 
| 116|0x0000000088800000, 0x0000000088800000, 0x0000000088900000|  0%| F|  |TAMS 0x0000000088800000, 0x0000000088800000| Untracked 
| 117|0x0000000088900000, 0x0000000088900000, 0x0000000088a00000|  0%| F|  |TAMS 0x0000000088900000, 0x0000000088900000| Untracked 
| 118|0x0000000088a00000, 0x0000000088a00000, 0x0000000088b00000|  0%| F|  |TAMS 0x0000000088a00000, 0x0000000088a00000| Untracked 
| 119|0x0000000088b00000, 0x0000000088b3a108, 0x0000000088c00000| 22%| E|  |TAMS 0x0000000088b00000, 0x0000000088b00000| Complete 
| 120|0x0000000088c00000, 0x0000000088d00000, 0x0000000088d00000|100%| E|CS|TAMS 0x0000000088c00000, 0x0000000088c00000| Complete 
| 121|0x0000000088d00000, 0x0000000088e00000, 0x0000000088e00000|100%| E|CS|TAMS 0x0000000088d00000, 0x0000000088d00000| Complete 
| 122|0x0000000088e00000, 0x0000000088f00000, 0x0000000088f00000|100%| E|CS|TAMS 0x0000000088e00000, 0x0000000088e00000| Complete 
| 123|0x0000000088f00000, 0x0000000089000000, 0x0000000089000000|100%| E|  |TAMS 0x0000000088f00000, 0x0000000088f00000| Complete 
| 124|0x0000000089000000, 0x0000000089100000, 0x0000000089100000|100%| E|CS|TAMS 0x0000000089000000, 0x0000000089000000| Complete 
| 125|0x0000000089100000, 0x0000000089200000, 0x0000000089200000|100%| E|CS|TAMS 0x0000000089100000, 0x0000000089100000| Complete 
| 126|0x0000000089200000, 0x0000000089300000, 0x0000000089300000|100%| E|CS|TAMS 0x0000000089200000, 0x0000000089200000| Complete 
| 127|0x0000000089300000, 0x0000000089400000, 0x0000000089400000|100%| E|CS|TAMS 0x0000000089300000, 0x0000000089300000| Complete 

Card table byte_map: [0x000002bbefda0000,0x000002bbf01a0000] _byte_map_base: 0x000002bbef996000

Marking Bits (Prev, Next): (CMBitMap*) 0x000002bbd699be60, (CMBitMap*) 0x000002bbd699bea0
 Prev Bits: [0x000002bbf05a0000, 0x000002bbf2550000)
 Next Bits: [0x000002bbf2550000, 0x000002bbf4500000)

Polling page: 0x000002bbd6870000

Metaspace:

Usage:
  Non-class:      7.54 MB used.
      Class:      1.14 MB used.
       Both:      8.68 MB used.

Virtual space:
  Non-class space:       64.00 MB reserved,       7.63 MB ( 12%) committed,  1 nodes.
      Class space:        1.00 GB reserved,       1.25 MB ( <1%) committed,  1 nodes.
             Both:        1.06 GB reserved,       8.88 MB ( <1%) committed. 

Chunk freelists:
   Non-Class:  3.39 MB
       Class:  2.60 MB
        Both:  5.99 MB

MaxMetaspaceSize: unlimited
CompressedClassSpaceSize: 1.00 GB
Initial GC threshold: 21.00 MB
Current GC threshold: 21.00 MB
CDS: on
MetaspaceReclaimPolicy: balanced
 - commit_granule_bytes: 65536.
 - commit_granule_words: 8192.
 - virtual_space_node_default_size: 8388608.
 - enlarge_chunks_in_place: 1.
 - new_chunks_are_fully_committed: 0.
 - uncommit_free_chunks: 1.
 - use_allocation_guard: 0.


Internal statistics:

num_allocs_failed_limit: 0.
num_arena_births: 182.
num_arena_deaths: 0.
num_vsnodes_births: 2.
num_vsnodes_deaths: 0.
num_space_committed: 142.
num_space_uncommitted: 0.
num_chunks_returned_to_freelist: 0.
num_chunks_taken_from_freelist: 408.
num_chunk_merges: 0.
num_chunk_splits: 301.
num_chunks_enlarged: 237.
num_inconsistent_stats: 0.

CodeHeap 'non-profiled nmethods': size=120000Kb used=480Kb max_used=480Kb free=119519Kb
 bounds [0x000002bbe8470000, 0x000002bbe86e0000, 0x000002bbef9a0000]
CodeHeap 'profiled nmethods': size=120000Kb used=2427Kb max_used=2427Kb free=117572Kb
 bounds [0x000002bbe09a0000, 0x000002bbe0c10000, 0x000002bbe7ed0000]
CodeHeap 'non-nmethods': size=5760Kb used=1376Kb max_used=1392Kb free=4383Kb
 bounds [0x000002bbe7ed0000, 0x000002bbe8140000, 0x000002bbe8470000]
 total_blobs=2052 nmethods=1429 adapters=534
 compilation: enabled
              stopped_count=0, restarted_count=0
 full_count=0

Compilation events (20 events):
Event: 1.222 Thread 0x000002bbf69e10e0 1047       3       java.util.ArrayList::isEmpty (13 bytes)
Event: 1.223 Thread 0x000002bbf69e10e0 nmethod 1047 0x000002bbe0b2dd90 code [0x000002bbe0b2df20, 0x000002bbe0b2e098]
Event: 1.223 Thread 0x000002bbf69e10e0 1048       3       java.lang.invoke.MethodHandles$Lookup::checkSecurityManager (97 bytes)
Event: 1.223 Thread 0x000002bbf69de2e0 1049       4       java.lang.String::replace (42 bytes)
Event: 1.223 Thread 0x000002bbf69e10e0 nmethod 1048 0x000002bbe0b2e110 code [0x000002bbe0b2e300, 0x000002bbe0b2e818]
Event: 1.224 Thread 0x000002bbf69e10e0 1050       3       java.util.concurrent.ConcurrentHashMap$ValueIterator::next (34 bytes)
Event: 1.224 Thread 0x000002bbf69e10e0 nmethod 1050 0x000002bbe0b2ea10 code [0x000002bbe0b2ebe0, 0x000002bbe0b2ee38]
Event: 1.231 Thread 0x000002bbf69e10e0 1051       3       jdk.internal.loader.NativeLibraries$NativeLibraryImpl::find (9 bytes)
Event: 1.231 Thread 0x000002bbf69e10e0 nmethod 1051 0x000002bbe0b2ef90 code [0x000002bbe0b2f140, 0x000002bbe0b2f288]
Event: 1.239 Thread 0x000002bbf69e10e0 1053       3       java.lang.invoke.DirectMethodHandle::preparedLambdaForm (244 bytes)
Event: 1.241 Thread 0x000002bbf69e10e0 nmethod 1053 0x000002bbe0b2f310 code [0x000002bbe0b2f600, 0x000002bbe0b30578]
Event: 1.241 Thread 0x000002bbf69e10e0 1055       3       jdk.internal.org.objectweb.asm.Label::<init> (5 bytes)
Event: 1.241 Thread 0x000002bbf69e10e0 nmethod 1055 0x000002bbe0b30b10 code [0x000002bbe0b30cc0, 0x000002bbe0b30e18]
Event: 1.241 Thread 0x000002bbf69e10e0 1056       3       jdk.internal.org.objectweb.asm.MethodWriter::visitMethodInsn (191 bytes)
Event: 1.242 Thread 0x000002bbf69e10e0 nmethod 1056 0x000002bbe0b30f10 code [0x000002bbe0b31140, 0x000002bbe0b318e8]
Event: 1.242 Thread 0x000002bbf69e10e0 1057       3       jdk.internal.org.objectweb.asm.SymbolTable::addConstantMethodref (24 bytes)
Event: 1.242 Thread 0x000002bbf69e10e0 nmethod 1057 0x000002bbe0b31c10 code [0x000002bbe0b31dc0, 0x000002bbe0b31f68]
Event: 1.242 Thread 0x000002bbf69e10e0 1058       3       java.nio.Buffer::position (52 bytes)
Event: 1.243 Thread 0x000002bbf69e10e0 nmethod 1058 0x000002bbe0b32010 code [0x000002bbe0b321c0, 0x000002bbe0b32448]
Event: 1.247 Thread 0x000002bbf69de2e0 nmethod 1049 0x000002bbe84c7510 code [0x000002bbe84c76c0, 0x000002bbe84c7d78]

GC Heap History (2 events):
Event: 0.574 GC heap before
{Heap before GC invocations=0 (full 0):
 garbage-first heap   total 131072K, used 12288K [0x0000000081400000, 0x0000000100000000)
  region size 1024K, 13 young (13312K), 0 survivors (0K)
 Metaspace       used 2201K, committed 2368K, reserved 1114112K
  class space    used 221K, committed 320K, reserved 1048576K
}
Event: 0.579 GC heap after
{Heap after GC invocations=1 (full 0):
 garbage-first heap   total 131072K, used 1672K [0x0000000081400000, 0x0000000100000000)
  region size 1024K, 2 young (2048K), 2 survivors (2048K)
 Metaspace       used 2201K, committed 2368K, reserved 1114112K
  class space    used 221K, committed 320K, reserved 1048576K
}

Dll operation events (20 events):
Event: 0.826 Loaded shared library C:\Users\levi\.openjfx\cache\19.0.2+1\amd64\api-ms-win-crt-heap-l1-1-0.dll
Event: 0.832 Loaded shared library C:\Users\levi\.openjfx\cache\19.0.2+1\amd64\api-ms-win-crt-locale-l1-1-0.dll
Event: 0.839 Loaded shared library C:\Users\levi\.openjfx\cache\19.0.2+1\amd64\api-ms-win-crt-math-l1-1-0.dll
Event: 0.846 Loaded shared library C:\Users\levi\.openjfx\cache\19.0.2+1\amd64\api-ms-win-crt-multibyte-l1-1-0.dll
Event: 0.855 Loaded shared library C:\Users\levi\.openjfx\cache\19.0.2+1\amd64\api-ms-win-crt-private-l1-1-0.dll
Event: 0.861 Loaded shared library C:\Users\levi\.openjfx\cache\19.0.2+1\amd64\api-ms-win-crt-process-l1-1-0.dll
Event: 0.867 Loaded shared library C:\Users\levi\.openjfx\cache\19.0.2+1\amd64\api-ms-win-crt-runtime-l1-1-0.dll
Event: 0.873 Loaded shared library C:\Users\levi\.openjfx\cache\19.0.2+1\amd64\api-ms-win-crt-stdio-l1-1-0.dll
Event: 0.878 Loaded shared library C:\Users\levi\.openjfx\cache\19.0.2+1\amd64\api-ms-win-crt-string-l1-1-0.dll
Event: 0.882 Loaded shared library C:\Users\levi\.openjfx\cache\19.0.2+1\amd64\api-ms-win-crt-time-l1-1-0.dll
Event: 0.888 Loaded shared library C:\Users\levi\.openjfx\cache\19.0.2+1\amd64\api-ms-win-crt-utility-l1-1-0.dll
Event: 0.910 Loaded shared library C:\Users\levi\.openjfx\cache\19.0.2+1\amd64\ucrtbase.dll
Event: 0.917 Loaded shared library C:\Users\levi\.openjfx\cache\19.0.2+1\amd64\vcruntime140.dll
Event: 0.924 Loaded shared library C:\Users\levi\.openjfx\cache\19.0.2+1\amd64\vcruntime140_1.dll
Event: 0.941 Loaded shared library C:\Users\levi\.openjfx\cache\19.0.2+1\amd64\msvcp140.dll
Event: 0.948 Loaded shared library C:\Users\levi\.openjfx\cache\19.0.2+1\amd64\msvcp140_1.dll
Event: 0.957 Loaded shared library C:\Users\levi\.openjfx\cache\19.0.2+1\amd64\msvcp140_2.dll
Event: 1.028 Loaded shared library C:\Users\levi\.openjfx\cache\19.0.2+1\amd64\prism_d3d.dll
Event: 1.095 Loaded shared library C:\Program Files\Java\jdk-19\bin\jimage.dll
Event: 1.215 Loaded shared library C:\Users\levi\.openjfx\cache\19.0.2+1\amd64\glass.dll

Deoptimization events (20 events):
Event: 0.599 Thread 0x000002bbd8a4db60 DEOPT PACKING pc=0x000002bbe8492038 sp=0x000000c0432fe610
Event: 0.599 Thread 0x000002bbd8a4db60 DEOPT UNPACKING pc=0x000002bbe7f36da3 sp=0x000000c0432fe600 mode 2
Event: 0.914 Thread 0x000002bbd8a4db60 DEOPT PACKING pc=0x000002bbe0accb2f sp=0x000000c0432fe8c0
Event: 0.914 Thread 0x000002bbd8a4db60 DEOPT UNPACKING pc=0x000002bbe7f37543 sp=0x000000c0432fdce0 mode 0
Event: 1.112 Thread 0x000002bbf69d5470 Uncommon trap: trap_request=0xffffff45 fr.pc=0x000002bbe8481918 relative=0x00000000000000f8
Event: 1.112 Thread 0x000002bbf69d5470 Uncommon trap: reason=unstable_if action=reinterpret pc=0x000002bbe8481918 method=java.lang.StringLatin1.lastIndexOf([BI[BII)I @ 86 c2
Event: 1.112 Thread 0x000002bbf69d5470 DEOPT PACKING pc=0x000002bbe8481918 sp=0x000000c043cfe290
Event: 1.112 Thread 0x000002bbf69d5470 DEOPT UNPACKING pc=0x000002bbe7f36da3 sp=0x000000c043cfe1e8 mode 2
Event: 1.156 Thread 0x000002bbf69d5470 Uncommon trap: trap_request=0xffffff45 fr.pc=0x000002bbe84c2458 relative=0x0000000000000138
Event: 1.156 Thread 0x000002bbf69d5470 Uncommon trap: reason=unstable_if action=reinterpret pc=0x000002bbe84c2458 method=java.util.concurrent.locks.ReentrantLock$NonfairSync.initialTryLock()Z @ 10 c2
Event: 1.156 Thread 0x000002bbf69d5470 DEOPT PACKING pc=0x000002bbe84c2458 sp=0x000000c043cfef80
Event: 1.156 Thread 0x000002bbf69d5470 DEOPT UNPACKING pc=0x000002bbe7f36da3 sp=0x000000c043cfef28 mode 2
Event: 1.157 Thread 0x000002bbf69d5470 Uncommon trap: trap_request=0xffffff45 fr.pc=0x000002bbe84bf15c relative=0x00000000000000bc
Event: 1.157 Thread 0x000002bbf69d5470 Uncommon trap: reason=unstable_if action=reinterpret pc=0x000002bbe84bf15c method=java.util.concurrent.locks.ReentrantLock$Sync.tryRelease(I)Z @ 26 c2
Event: 1.157 Thread 0x000002bbf69d5470 DEOPT PACKING pc=0x000002bbe84bf15c sp=0x000000c043cfef80
Event: 1.157 Thread 0x000002bbf69d5470 DEOPT UNPACKING pc=0x000002bbe7f36da3 sp=0x000000c043cfef20 mode 2
Event: 1.231 Thread 0x000002bbfacc23e0 Uncommon trap: trap_request=0xffffff45 fr.pc=0x000002bbe84b2214 relative=0x0000000000000254
Event: 1.231 Thread 0x000002bbfacc23e0 Uncommon trap: reason=unstable_if action=reinterpret pc=0x000002bbe84b2214 method=java.lang.invoke.VarHandle.checkAccessModeThenIsDirect(Ljava/lang/invoke/VarHandle$AccessDescriptor;)Z @ 4 c2
Event: 1.231 Thread 0x000002bbfacc23e0 DEOPT PACKING pc=0x000002bbe84b2214 sp=0x000000c044dfe6b0
Event: 1.231 Thread 0x000002bbfacc23e0 DEOPT UNPACKING pc=0x000002bbe7f36da3 sp=0x000000c044dfe608 mode 2

Classes loaded (20 events):
Event: 1.200 Loading class java/lang/ProcessEnvironment$CheckedEntrySet
Event: 1.200 Loading class java/lang/ProcessEnvironment$CheckedEntrySet done
Event: 1.201 Loading class java/lang/ProcessEnvironment$CheckedEntrySet$1
Event: 1.201 Loading class java/lang/ProcessEnvironment$CheckedEntrySet$1 done
Event: 1.201 Loading class java/lang/ProcessEnvironment$CheckedEntry
Event: 1.201 Loading class java/lang/ProcessEnvironment$CheckedEntry done
Event: 1.217 Loading class java/util/concurrent/BlockingDeque
Event: 1.217 Loading class java/util/concurrent/BlockingDeque done
Event: 1.218 Loading class java/util/concurrent/LinkedBlockingDeque
Event: 1.218 Loading class java/util/concurrent/LinkedBlockingDeque done
Event: 1.237 Loading class java/util/concurrent/FutureTask
Event: 1.238 Loading class java/util/concurrent/FutureTask done
Event: 1.240 Loading class java/util/concurrent/CancellationException
Event: 1.240 Loading class java/util/concurrent/CancellationException done
Event: 1.240 Loading class java/util/concurrent/ExecutionException
Event: 1.240 Loading class java/util/concurrent/ExecutionException done
Event: 1.240 Loading class java/util/concurrent/FutureTask$WaitNode
Event: 1.240 Loading class java/util/concurrent/FutureTask$WaitNode done
Event: 1.240 Loading class java/util/concurrent/Executors$RunnableAdapter
Event: 1.240 Loading class java/util/concurrent/Executors$RunnableAdapter done

Classes unloaded (0 events):
No events

Classes redefined (0 events):
No events

Internal exceptions (15 events):
Event: 0.219 Thread 0x000002bbd8a4db60 Exception <a 'java/lang/NoSuchMethodError'{0x00000000892f9390}: 'void java.lang.invoke.DirectMethodHandle$Holder.invokeVirtual(java.lang.Object, java.lang.Object)'> (0x00000000892f9390) 
thrown [s\open\src\hotspot\share\interpreter\linkResolver.cpp, line 774]
Event: 0.288 Thread 0x000002bbd8a4db60 Exception <a 'java/lang/NoSuchMethodError'{0x00000000890288e0}: 'void java.lang.invoke.DirectMethodHandle$Holder.invokeSpecial(java.lang.Object, java.lang.Object, java.lang.Object)'> (0x00000000890288e0) 
thrown [s\open\src\hotspot\share\interpreter\linkResolver.cpp, line 774]
Event: 0.333 Thread 0x000002bbd8a4db60 Exception <a 'java/lang/NoSuchMethodError'{0x0000000088e2ada8}: 'java.lang.Object java.lang.invoke.DirectMethodHandle$Holder.invokeVirtual(java.lang.Object, java.lang.Object, java.lang.Object)'> (0x0000000088e2ada8) 
thrown [s\open\src\hotspot\share\interpreter\linkResolver.cpp, line 774]
Event: 0.443 Thread 0x000002bbd8a4db60 Exception <a 'java/lang/NoSuchMethodError'{0x000000008891d018}: 'void java.lang.invoke.DirectMethodHandle$Holder.invokeStatic(java.lang.Object, java.lang.Object, java.lang.Object)'> (0x000000008891d018) 
thrown [s\open\src\hotspot\share\interpreter\linkResolver.cpp, line 774]
Event: 0.451 Thread 0x000002bbd8a4db60 Exception <a 'java/lang/NoSuchMethodError'{0x00000000889346e8}: 'java.lang.Object java.lang.invoke.Invokers$Holder.invokeExact_MT(java.lang.Object, java.lang.Object, java.lang.Object, java.lang.Object, java.lang.Object)'> (0x00000000889346e8) 
thrown [s\open\src\hotspot\share\interpreter\linkResolver.cpp, line 774]
Event: 0.469 Thread 0x000002bbfacc3e70 Exception <a 'java/lang/ClassNotFoundException'{0x0000000088947438}: jdk/net/ExtendedSocketOptions> (0x0000000088947438) 
thrown [s\open\src\hotspot\share\classfile\systemDictionary.cpp, line 255]
Event: 0.471 Thread 0x000002bbfacc3e70 Exception <a 'java/lang/NoSuchMethodError'{0x0000000088948de8}: 'void java.lang.invoke.DirectMethodHandle$Holder.invokeStatic(java.lang.Object, java.lang.Object)'> (0x0000000088948de8) 
thrown [s\open\src\hotspot\share\interpreter\linkResolver.cpp, line 774]
Event: 0.479 Thread 0x000002bbd8a4db60 Exception <a 'java/lang/NoSuchMethodError'{0x00000000889be918}: 'java.lang.Object java.lang.invoke.DirectMethodHandle$Holder.invokeStaticInit(java.lang.Object)'> (0x00000000889be918) 
thrown [s\open\src\hotspot\share\interpreter\linkResolver.cpp, line 774]
Event: 0.481 Thread 0x000002bbd8a4db60 Exception <a 'java/lang/NoSuchMethodError'{0x00000000889c53b8}: 'void java.lang.invoke.DirectMethodHandle$Holder.invokeStatic(java.lang.Object, java.lang.Object, java.lang.Object, java.lang.Object)'> (0x00000000889c53b8) 
thrown [s\open\src\hotspot\share\interpreter\linkResolver.cpp, line 774]
Event: 0.482 Thread 0x000002bbd8a4db60 Exception <a 'java/lang/NoSuchMethodError'{0x00000000889c9568}: 'void java.lang.invoke.DirectMethodHandle$Holder.invokeSpecial(java.lang.Object, java.lang.Object, java.lang.Object, java.lang.Object, java.lang.Object)'> (0x00000000889c9568) 
thrown [s\open\src\hotspot\share\interpreter\linkResolver.cpp, line 774]
Event: 0.488 Thread 0x000002bbd8a4db60 Exception <a 'java/lang/NoSuchMethodError'{0x00000000889dbc70}: 'java.lang.Object java.lang.invoke.Invokers$Holder.invokeExact_MT(java.lang.Object, java.lang.Object, java.lang.Object, java.lang.Object, java.lang.Object, java.lang.Object)'> (0x00000000889dbc70) 
thrown [s\open\src\hotspot\share\interpreter\linkResolver.cpp, line 774]
Event: 1.137 Thread 0x000002bbf69d5470 Exception <a 'sun/nio/fs/WindowsException'{0x0000000088d38618}> (0x0000000088d38618) 
thrown [s\open\src\hotspot\share\prims\jni.cpp, line 517]
Event: 1.183 Thread 0x000002bbd8a4db60 Exception <a 'java/lang/NoSuchMethodError'{0x0000000088fa4330}: 'int java.lang.invoke.DirectMethodHandle$Holder.invokeStaticInit(java.lang.Object, java.lang.Object, java.lang.Object)'> (0x0000000088fa4330) 
thrown [s\open\src\hotspot\share\interpreter\linkResolver.cpp, line 774]
Event: 1.221 Thread 0x000002bbd8a4db60 Exception <a 'java/lang/NoSuchMethodError'{0x0000000088ce6128}: 'java.lang.Object java.lang.invoke.DirectMethodHandle$Holder.newInvokeSpecial(java.lang.Object, java.lang.Object, int, java.lang.Object)'> (0x0000000088ce6128) 
thrown [s\open\src\hotspot\share\interpreter\linkResolver.cpp, line 774]
Event: 1.221 Thread 0x000002bbd8a4db60 Exception <a 'java/lang/NoSuchMethodError'{0x0000000088cea520}: 'java.lang.Object java.lang.invoke.DirectMethodHandle$Holder.invokeSpecial(java.lang.Object, java.lang.Object, java.lang.Object, int, java.lang.Object)'> (0x0000000088cea520) 
thrown [s\open\src\hotspot\share\interpreter\linkResolver.cpp, line 774]

VM Operations (12 events):
Event: 0.327 Executing VM operation: HandshakeAllThreads
Event: 0.328 Executing VM operation: HandshakeAllThreads done
Event: 0.330 Executing VM operation: HandshakeAllThreads
Event: 0.330 Executing VM operation: HandshakeAllThreads done
Event: 0.395 Executing VM operation: HandshakeAllThreads
Event: 0.395 Executing VM operation: HandshakeAllThreads done
Event: 0.463 Executing VM operation: HandshakeAllThreads
Event: 0.463 Executing VM operation: HandshakeAllThreads done
Event: 0.574 Executing VM operation: G1CollectForAllocation
Event: 0.579 Executing VM operation: G1CollectForAllocation done
Event: 1.200 Executing VM operation: HandshakeAllThreads
Event: 1.200 Executing VM operation: HandshakeAllThreads done

Events (19 events):
Event: 0.052 Thread 0x000002bbd8a4db60 Thread added: 0x000002bbd8a4db60
Event: 0.080 Thread 0x000002bbf69d0410 Thread added: 0x000002bbf69d0410
Event: 0.081 Thread 0x000002bbf69d1200 Thread added: 0x000002bbf69d1200
Event: 0.081 Thread 0x000002bbf69d3930 Thread added: 0x000002bbf69d3930
Event: 0.082 Thread 0x000002bbf69d5470 Thread added: 0x000002bbf69d5470
Event: 0.082 Thread 0x000002bbf69d8690 Thread added: 0x000002bbf69d8690
Event: 0.082 Thread 0x000002bbf69dcda0 Thread added: 0x000002bbf69dcda0
Event: 0.082 Thread 0x000002bbf69de2e0 Thread added: 0x000002bbf69de2e0
Event: 0.083 Thread 0x000002bbf69e10e0 Thread added: 0x000002bbf69e10e0
Event: 0.083 Thread 0x000002bbf69fb250 Thread added: 0x000002bbf69fb250
Event: 0.143 Thread 0x000002bbfacc1e90 Thread added: 0x000002bbfacc1e90
Event: 0.279 Thread 0x000002bbfacd9850 Thread added: 0x000002bbfacd9850
Event: 0.459 Thread 0x000002bbfacc3e70 Thread added: 0x000002bbfacc3e70
Event: 0.459 Thread 0x000002bbfacc3920 Thread added: 0x000002bbfacc3920
Event: 0.794 Thread 0x000002bbfacd9850 Thread exited: 0x000002bbfacd9850
Event: 1.009 Thread 0x000002bbfacc33d0 Thread added: 0x000002bbfacc33d0
Event: 1.118 Thread 0x000002bbfb3a4ff0 Thread added: 0x000002bbfb3a4ff0
Event: 1.218 Thread 0x000002bbfacc1940 Thread added: 0x000002bbfacc1940
Event: 1.223 Thread 0x000002bbfacc23e0 Thread added: 0x000002bbfacc23e0


Dynamic libraries:
0x00007ff6f6af0000 - 0x00007ff6f6b00000 	C:\Program Files\Java\jdk-19\bin\java.exe
0x00007ffeef0c0000 - 0x00007ffeef2b0000 	C:\WINDOWS\SYSTEM32\ntdll.dll
0x00007ffecc300000 - 0x00007ffecc319000 	C:\Program Files\AVAST Software\Avast\aswhook.dll
0x00007ffeed380000 - 0x00007ffeed432000 	C:\WINDOWS\System32\KERNEL32.DLL
0x00007ffeecbc0000 - 0x00007ffeece65000 	C:\WINDOWS\System32\KERNELBASE.dll
0x00007ffeec030000 - 0x00007ffeec12a000 	C:\WINDOWS\System32\ucrtbase.dll
0x00007ffee2550000 - 0x00007ffee256b000 	C:\Program Files\Java\jdk-19\bin\VCRUNTIME140.dll
0x00007ffee58b0000 - 0x00007ffee58c8000 	C:\Program Files\Java\jdk-19\bin\jli.dll
0x00007ffeee540000 - 0x00007ffeee5e3000 	C:\WINDOWS\System32\ADVAPI32.dll
0x00007ffeedea0000 - 0x00007ffeedf3e000 	C:\WINDOWS\System32\msvcrt.dll
0x00007ffeeddf0000 - 0x00007ffeede87000 	C:\WINDOWS\System32\sechost.dll
0x00007ffeeee20000 - 0x00007ffeeef3f000 	C:\WINDOWS\System32\RPCRT4.dll
0x00007ffed8a70000 - 0x00007ffed8cf4000 	C:\WINDOWS\WinSxS\amd64_microsoft.windows.common-controls_6595b64144ccf1df_6.0.18362.1556_none_9e7e372fe45e41d5\COMCTL32.dll
0x00007ffeee0f0000 - 0x00007ffeee284000 	C:\WINDOWS\System32\USER32.dll
0x00007ffeec960000 - 0x00007ffeec981000 	C:\WINDOWS\System32\win32u.dll
0x00007ffeee660000 - 0x00007ffeee996000 	C:\WINDOWS\System32\combase.dll
0x00007ffeedf40000 - 0x00007ffeedf66000 	C:\WINDOWS\System32\GDI32.dll
0x00007ffeecf80000 - 0x00007ffeed118000 	C:\WINDOWS\System32\gdi32full.dll
0x00007ffeec130000 - 0x00007ffeec1b1000 	C:\WINDOWS\System32\bcryptPrimitives.dll
0x00007ffeecb20000 - 0x00007ffeecbbe000 	C:\WINDOWS\System32\msvcp_win.dll
0x00007ffee20c0000 - 0x00007ffee20ca000 	C:\WINDOWS\SYSTEM32\VERSION.dll
0x00007ffeedc20000 - 0x00007ffeedc4e000 	C:\WINDOWS\System32\IMM32.DLL
0x00007ffee87a0000 - 0x00007ffee87ac000 	C:\Program Files\Java\jdk-19\bin\vcruntime140_1.dll
0x00007ffecd9d0000 - 0x00007ffecda5e000 	C:\Program Files\Java\jdk-19\bin\msvcp140.dll
0x00007ffe9ba40000 - 0x00007ffe9c700000 	C:\Program Files\Java\jdk-19\bin\server\jvm.dll
0x00007ffee9a20000 - 0x00007ffee9a44000 	C:\WINDOWS\SYSTEM32\WINMM.dll
0x00007ffee99f0000 - 0x00007ffee9a1d000 	C:\WINDOWS\SYSTEM32\WINMMBASE.dll
0x00007ffeed120000 - 0x00007ffeed16a000 	C:\WINDOWS\System32\cfgmgr32.dll
0x00007ffedb530000 - 0x00007ffedb539000 	C:\WINDOWS\SYSTEM32\WSOCK32.dll
0x000002bbd8190000 - 0x000002bbd81ff000 	C:\WINDOWS\System32\ws2_32.DLL
0x00007ffeebfd0000 - 0x00007ffeebfe1000 	C:\WINDOWS\System32\kernel.appcore.dll
0x00007ffee3950000 - 0x00007ffee395a000 	C:\Program Files\Java\jdk-19\bin\jimage.dll
0x00007ffededc0000 - 0x00007ffedefb4000 	C:\WINDOWS\SYSTEM32\DBGHELP.DLL
0x00007ffeded90000 - 0x00007ffededba000 	C:\WINDOWS\SYSTEM32\dbgcore.DLL
0x00007ffee9fb0000 - 0x00007ffee9fbe000 	C:\Program Files\Java\jdk-19\bin\instrument.dll
0x00007ffedd160000 - 0x00007ffedd186000 	C:\Program Files\Java\jdk-19\bin\java.dll
0x00007ffec8280000 - 0x00007ffec8357000 	C:\Program Files\Java\jdk-19\bin\jsvml.dll
0x00007ffeed510000 - 0x00007ffeedbf7000 	C:\WINDOWS\System32\SHELL32.dll
0x00007ffeed170000 - 0x00007ffeed218000 	C:\WINDOWS\System32\shcore.dll
0x00007ffeec1c0000 - 0x00007ffeec93b000 	C:\WINDOWS\System32\windows.storage.dll
0x00007ffeebff0000 - 0x00007ffeec00e000 	C:\WINDOWS\System32\profapi.dll
0x00007ffeebf80000 - 0x00007ffeebfca000 	C:\WINDOWS\System32\powrprof.dll
0x00007ffeebf70000 - 0x00007ffeebf80000 	C:\WINDOWS\System32\UMPDC.dll
0x00007ffeee080000 - 0x00007ffeee0d2000 	C:\WINDOWS\System32\shlwapi.dll
0x00007ffeec940000 - 0x00007ffeec957000 	C:\WINDOWS\System32\cryptsp.dll
0x00007ffedd220000 - 0x00007ffedd233000 	C:\Program Files\Java\jdk-19\bin\net.dll
0x00007ffee1d00000 - 0x00007ffee1dfa000 	C:\WINDOWS\SYSTEM32\WINHTTP.dll
0x00007ffeeb700000 - 0x00007ffeeb767000 	C:\WINDOWS\system32\mswsock.dll
0x00007ffedd140000 - 0x00007ffedd156000 	C:\Program Files\Java\jdk-19\bin\nio.dll
0x00007ffedceb0000 - 0x00007ffedcec8000 	C:\Program Files\Java\jdk-19\bin\zip.dll
0x00007ffee5900000 - 0x00007ffee591a000 	C:\Program Files\JetBrains\IntelliJ IDEA Community Edition 2023.1.1\bin\breakgen64.dll
0x000002bbd6b50000 - 0x000002bbd6b53000 	C:\Users\levi\.openjfx\cache\19.0.2+1\amd64\api-ms-win-core-console-l1-1-0.dll
0x000002bbd6b60000 - 0x000002bbd6b63000 	C:\Users\levi\.openjfx\cache\19.0.2+1\amd64\api-ms-win-core-console-l1-2-0.dll
0x000002bbd8980000 - 0x000002bbd8983000 	C:\Users\levi\.openjfx\cache\19.0.2+1\amd64\api-ms-win-core-datetime-l1-1-0.dll
0x000002bbd8990000 - 0x000002bbd8993000 	C:\Users\levi\.openjfx\cache\19.0.2+1\amd64\api-ms-win-core-debug-l1-1-0.dll
0x000002bbd89a0000 - 0x000002bbd89a3000 	C:\Users\levi\.openjfx\cache\19.0.2+1\amd64\api-ms-win-core-errorhandling-l1-1-0.dll
0x000002bbd89b0000 - 0x000002bbd89b4000 	C:\Users\levi\.openjfx\cache\19.0.2+1\amd64\api-ms-win-core-file-l1-1-0.dll
0x000002bbd89c0000 - 0x000002bbd89c3000 	C:\Users\levi\.openjfx\cache\19.0.2+1\amd64\api-ms-win-core-file-l1-2-0.dll
0x000002bbd89d0000 - 0x000002bbd89d3000 	C:\Users\levi\.openjfx\cache\19.0.2+1\amd64\api-ms-win-core-file-l2-1-0.dll
0x000002bbd89e0000 - 0x000002bbd89e3000 	C:\Users\levi\.openjfx\cache\19.0.2+1\amd64\api-ms-win-core-handle-l1-1-0.dll
0x000002bbd89f0000 - 0x000002bbd89f3000 	C:\Users\levi\.openjfx\cache\19.0.2+1\amd64\api-ms-win-core-heap-l1-1-0.dll
0x000002bbf6b40000 - 0x000002bbf6b43000 	C:\Users\levi\.openjfx\cache\19.0.2+1\amd64\api-ms-win-core-interlocked-l1-1-0.dll
0x000002bbf6b50000 - 0x000002bbf6b53000 	C:\Users\levi\.openjfx\cache\19.0.2+1\amd64\api-ms-win-core-libraryloader-l1-1-0.dll
0x000002bbf6b60000 - 0x000002bbf6b63000 	C:\Users\levi\.openjfx\cache\19.0.2+1\amd64\api-ms-win-core-localization-l1-2-0.dll
0x000002bbf6b70000 - 0x000002bbf6b73000 	C:\Users\levi\.openjfx\cache\19.0.2+1\amd64\api-ms-win-core-memory-l1-1-0.dll
0x000002bbf6b80000 - 0x000002bbf6b83000 	C:\Users\levi\.openjfx\cache\19.0.2+1\amd64\api-ms-win-core-namedpipe-l1-1-0.dll
0x000002bbf6b90000 - 0x000002bbf6b93000 	C:\Users\levi\.openjfx\cache\19.0.2+1\amd64\api-ms-win-core-processenvironment-l1-1-0.dll
0x000002bbf6ba0000 - 0x000002bbf6ba3000 	C:\Users\levi\.openjfx\cache\19.0.2+1\amd64\api-ms-win-core-processthreads-l1-1-0.dll
0x000002bbf6bb0000 - 0x000002bbf6bb3000 	C:\Users\levi\.openjfx\cache\19.0.2+1\amd64\api-ms-win-core-processthreads-l1-1-1.dll
0x000002bbf6bc0000 - 0x000002bbf6bc3000 	C:\Users\levi\.openjfx\cache\19.0.2+1\amd64\api-ms-win-core-profile-l1-1-0.dll
0x000002bbf6bd0000 - 0x000002bbf6bd3000 	C:\Users\levi\.openjfx\cache\19.0.2+1\amd64\api-ms-win-core-rtlsupport-l1-1-0.dll
0x000002bbf6be0000 - 0x000002bbf6be3000 	C:\Users\levi\.openjfx\cache\19.0.2+1\amd64\api-ms-win-core-string-l1-1-0.dll
0x000002bbf6bf0000 - 0x000002bbf6bf3000 	C:\Users\levi\.openjfx\cache\19.0.2+1\amd64\api-ms-win-core-synch-l1-1-0.dll
0x000002bbfb800000 - 0x000002bbfb803000 	C:\Users\levi\.openjfx\cache\19.0.2+1\amd64\api-ms-win-core-synch-l1-2-0.dll
0x000002bbfb810000 - 0x000002bbfb813000 	C:\Users\levi\.openjfx\cache\19.0.2+1\amd64\api-ms-win-core-sysinfo-l1-1-0.dll
0x000002bbfb820000 - 0x000002bbfb823000 	C:\Users\levi\.openjfx\cache\19.0.2+1\amd64\api-ms-win-core-timezone-l1-1-0.dll
0x000002bbfb830000 - 0x000002bbfb833000 	C:\Users\levi\.openjfx\cache\19.0.2+1\amd64\api-ms-win-core-util-l1-1-0.dll
0x000002bbfb840000 - 0x000002bbfb843000 	C:\Users\levi\.openjfx\cache\19.0.2+1\amd64\api-ms-win-crt-conio-l1-1-0.dll
0x000002bbfb850000 - 0x000002bbfb854000 	C:\Users\levi\.openjfx\cache\19.0.2+1\amd64\api-ms-win-crt-convert-l1-1-0.dll
0x000002bbfb860000 - 0x000002bbfb863000 	C:\Users\levi\.openjfx\cache\19.0.2+1\amd64\api-ms-win-crt-environment-l1-1-0.dll
0x000002bbfb870000 - 0x000002bbfb873000 	C:\Users\levi\.openjfx\cache\19.0.2+1\amd64\api-ms-win-crt-filesystem-l1-1-0.dll
0x000002bbfb880000 - 0x000002bbfb883000 	C:\Users\levi\.openjfx\cache\19.0.2+1\amd64\api-ms-win-crt-heap-l1-1-0.dll
0x000002bbfb890000 - 0x000002bbfb893000 	C:\Users\levi\.openjfx\cache\19.0.2+1\amd64\api-ms-win-crt-locale-l1-1-0.dll
0x000002bbfb8a0000 - 0x000002bbfb8a5000 	C:\Users\levi\.openjfx\cache\19.0.2+1\amd64\api-ms-win-crt-math-l1-1-0.dll
0x000002bbfb8b0000 - 0x000002bbfb8b5000 	C:\Users\levi\.openjfx\cache\19.0.2+1\amd64\api-ms-win-crt-multibyte-l1-1-0.dll
0x000002bbfb8c0000 - 0x000002bbfb8d0000 	C:\Users\levi\.openjfx\cache\19.0.2+1\amd64\api-ms-win-crt-private-l1-1-0.dll
0x000002bbfb8d0000 - 0x000002bbfb8d3000 	C:\Users\levi\.openjfx\cache\19.0.2+1\amd64\api-ms-win-crt-process-l1-1-0.dll
0x000002bbfb8e0000 - 0x000002bbfb8e4000 	C:\Users\levi\.openjfx\cache\19.0.2+1\amd64\api-ms-win-crt-runtime-l1-1-0.dll
0x000002bbfb8f0000 - 0x000002bbfb8f4000 	C:\Users\levi\.openjfx\cache\19.0.2+1\amd64\api-ms-win-crt-stdio-l1-1-0.dll
0x000002bbfb900000 - 0x000002bbfb904000 	C:\Users\levi\.openjfx\cache\19.0.2+1\amd64\api-ms-win-crt-string-l1-1-0.dll
0x000002bbfb910000 - 0x000002bbfb913000 	C:\Users\levi\.openjfx\cache\19.0.2+1\amd64\api-ms-win-crt-time-l1-1-0.dll
0x000002bbfb920000 - 0x000002bbfb923000 	C:\Users\levi\.openjfx\cache\19.0.2+1\amd64\api-ms-win-crt-utility-l1-1-0.dll
0x00007ffec32e0000 - 0x00007ffec33dc000 	C:\Users\levi\.openjfx\cache\19.0.2+1\amd64\ucrtbase.dll
0x00007ffedf330000 - 0x00007ffedf34b000 	C:\Users\levi\.openjfx\cache\19.0.2+1\amd64\vcruntime140.dll
0x00007ffedf320000 - 0x00007ffedf32c000 	C:\Users\levi\.openjfx\cache\19.0.2+1\amd64\vcruntime140_1.dll
0x00007ffec9440000 - 0x00007ffec94ce000 	C:\Users\levi\.openjfx\cache\19.0.2+1\amd64\msvcp140.dll
0x00007ffedf310000 - 0x00007ffedf319000 	C:\Users\levi\.openjfx\cache\19.0.2+1\amd64\msvcp140_1.dll
0x00007ffeda860000 - 0x00007ffeda890000 	C:\Users\levi\.openjfx\cache\19.0.2+1\amd64\msvcp140_2.dll
0x00007ffed6220000 - 0x00007ffed624c000 	C:\Users\levi\.openjfx\cache\19.0.2+1\amd64\prism_d3d.dll
0x00007ffede8f0000 - 0x00007ffedeab7000 	C:\WINDOWS\system32\d3d9.dll
0x00007ffeea5a0000 - 0x00007ffeea5cd000 	C:\WINDOWS\SYSTEM32\dwmapi.dll
0x00007ffeeab70000 - 0x00007ffeeab90000 	C:\WINDOWS\SYSTEM32\dxcore.dll
0x00007ffeea250000 - 0x00007ffeea2e9000 	C:\WINDOWS\system32\uxtheme.dll
0x00007ffeec990000 - 0x00007ffeec9b6000 	C:\WINDOWS\System32\bcrypt.dll
0x00007ffeec9c0000 - 0x00007ffeecb11000 	C:\WINDOWS\System32\crypt32.dll
0x00007ffeec010000 - 0x00007ffeec022000 	C:\WINDOWS\System32\MSASN1.dll
0x00007ffeecf20000 - 0x00007ffeecf7c000 	C:\WINDOWS\System32\WINTRUST.DLL
0x00007ffeedc00000 - 0x00007ffeedc1d000 	C:\WINDOWS\System32\imagehlp.dll
0x00007ffeeb290000 - 0x00007ffeeb2c3000 	C:\WINDOWS\system32\rsaenh.dll
0x00007ffeeb880000 - 0x00007ffeeb88c000 	C:\WINDOWS\SYSTEM32\CRYPTBASE.dll
0x00007ffecfae0000 - 0x00007ffecfb22000 	C:\Users\levi\.openjfx\cache\19.0.2+1\amd64\glass.dll
0x00007ffeedd20000 - 0x00007ffeeddf0000 	C:\WINDOWS\System32\COMDLG32.dll
0x00007ffeed220000 - 0x00007ffeed377000 	C:\WINDOWS\System32\ole32.dll
0x00007ffeed440000 - 0x00007ffeed505000 	C:\WINDOWS\System32\OLEAUT32.dll
0x00007ffeeef40000 - 0x00007ffeef075000 	C:\WINDOWS\System32\MSCTF.dll
0x00007ffec8d20000 - 0x00007ffec8e0b000 	C:\WINDOWS\System32\DriverStore\FileRepository\nvsmi.inf_amd64_d948da72bde46eee\nvldumdx.dll
0x00007ffe766c0000 - 0x00007ffe778cd000 	C:\WINDOWS\System32\DriverStore\FileRepository\nvsmi.inf_amd64_d948da72bde46eee\nvd3dumx.dll
0x00007ffec7960000 - 0x00007ffec7bc6000 	C:\WINDOWS\system32\nvspcap64.dll
0x00007ffeeaf70000 - 0x00007ffeeafa1000 	C:\WINDOWS\SYSTEM32\ntmarta.dll
0x00007ffe74480000 - 0x00007ffe766bc000 	C:\WINDOWS\SYSTEM32\igdumdim64.dll
0x00007ffeee9a0000 - 0x00007ffeeee10000 	C:\WINDOWS\System32\SETUPAPI.dll
0x00007ffee2f20000 - 0x00007ffee3929000 	C:\WINDOWS\SYSTEM32\igdusc64.dll
0x00007ffedd400000 - 0x00007ffedd414000 	C:\Users\levi\.openjfx\cache\19.0.2+1\amd64\javafx_font.dll
0x00007ffedbdc0000 - 0x00007ffedc0be000 	C:\WINDOWS\SYSTEM32\dwrite.dll

dbghelp: loaded successfully - version: 4.0.5 - missing functions: none
symbol engine: initialized successfully - sym options: 0x614 - pdb path: .;C:\Program Files\Java\jdk-19\bin;C:\WINDOWS\SYSTEM32;C:\Program Files\AVAST Software\Avast;C:\WINDOWS\WinSxS\amd64_microsoft.windows.common-controls_6595b64144ccf1df_6.0.18362.1556_none_9e7e372fe45e41d5;C:\Program Files\Java\jdk-19\bin\server;C:\Program Files\JetBrains\IntelliJ IDEA Community Edition 2023.1.1\bin;C:\Users\levi\.openjfx\cache\19.0.2+1\amd64;C:\WINDOWS\System32\DriverStore\FileRepository\nvsmi.inf_amd64_d948da72bde46eee

VM Arguments:
jvm_args: -javaagent:C:\Program Files\JetBrains\IntelliJ IDEA Community Edition 2023.1.1\lib\idea_rt.jar=52520:C:\Program Files\JetBrains\IntelliJ IDEA Community Edition 2023.1.1\bin -Dfile.encoding=UTF-8 -Dsun.stdout.encoding=UTF-8 -Dsun.stderr.encoding=UTF-8 --module-path=C:\Users\levi\.m2\repository\com\github\almasb\fxgl-scene\17.2\fxgl-scene-17.2.jar;C:\Users\levi\.m2\repository\org\openjfx\javafx-fxml\19.0.2\javafx-fxml-19.0.2-win.jar;C:\Users\levi\.m2\repository\com\gluonhq\attach\lifecycle\4.0.13\lifecycle-4.0.13.jar;C:\Users\levi\.m2\repository\com\gluonhq\attach\storage\4.0.13\storage-4.0.13.jar;C:\Users\levi\IdeaProjects\CasaDosSonhos\target\classes;C:\Users\levi\.m2\repository\org\openjfx\javafx-base\19.0.2\javafx-base-19.0.2-win.jar;C:\Users\levi\.m2\repository\org\openjfx\javafx-media\19.0.2\javafx-media-19.0.2-win.jar;C:\Users\levi\.m2\repository\org\controlsfx\controlsfx\11.1.2\controlsfx-11.1.2.jar;C:\Users\levi\.m2\repository\com\github\almasb\fxgl-core\17.2\fxgl-core-17.2.jar;C:\Users\levi\.m2\repository\org\kordamp\bootstrapfx\bootstrapfx-core\0.4.0\bootstrapfx-core-0.4.0.jar;C:\Users\levi\.m2\repository\org\openjfx\javafx-controls\19.0.2\javafx-controls-19.0.2-win.jar;C:\Users\levi\.m2\repository\com\fasterxml\jackson\core\jackson-core\2.12.1\jackson-core-2.12.1.jar;C:\Users\levi\.m2\repository\com\github\almasb\fxgl-gameplay\17.2\fxgl-gameplay-17.2.jar;C:\Users\levi\.m2\repository\org\jetbrains\kotlin\kotlin-stdlib\1.6.0\kotlin-stdlib-1.6.0-modular.jar;C:\Users\levi\.m2\repository\com\github\almasb\fxgl-entity\17.2\fxgl-entity-17.2.jar;C:\Users\levi\.m2\repository\org\openjfx\javafx-graphics\19.0.2\javafx-graphics-19.0.2-win.jar;C:\Users\levi\.m2\repository\com\gluonhq\attach\audio\4.0.13\audio-4.0.13.jar;C:\Users\levi\.m2\repository\com\fasterxml\jackson\core\jackson-annotations\2.12.1\jackson-annotations-2.12.1.jar;C:\Users\levi\.m2\repository\com\github\almasb\fxgl\17.2\fxgl-17.2.jar;C:\Users\levi\.m2\repository\com\fasterxml\jackson\core\jackson-databind\2.12.1\jackson-databind-2.12.1.jar;C:\Users\levi\.m2\repository\com\gluonhq\attach\util\4.0.13\util-4.0.13.jar;C:\Users\levi\.m2\repository\com\github\almasb\fxgl-io\17.2\fxgl-io-17.2.jar -Djdk.module.main=com.example.casadossonhos 
java_command: com.example.casadossonhos/com.example.casadossonhos.Main
java_class_path (initial): C:\Users\levi\.m2\repository\org\openjfx\javafx-controls\19.0.2\javafx-controls-19.0.2.jar;C:\Users\levi\.m2\repository\org\openjfx\javafx-graphics\19.0.2\javafx-graphics-19.0.2.jar;C:\Users\levi\.m2\repository\org\openjfx\javafx-base\19.0.2\javafx-base-19.0.2.jar;C:\Users\levi\.m2\repository\org\openjfx\javafx-fxml\19.0.2\javafx-fxml-19.0.2.jar;C:\Users\levi\.m2\repository\org\openjfx\javafx-media\19.0.2\javafx-media-19.0.2.jar;C:\Users\levi\.m2\repository\org\jetbrains\annotations\13.0\annotations-13.0.jar;C:\Users\levi\.m2\repository\org\jetbrains\kotlin\kotlin-stdlib-common\1.6.0\kotlin-stdlib-common-1.6.0.jar
Launcher Type: SUN_STANDARD

[Global flags]
     intx CICompilerCount                          = 3                                         {product} {ergonomic}
     uint ConcGCThreads                            = 1                                         {product} {ergonomic}
     uint G1ConcRefinementThreads                  = 4                                         {product} {ergonomic}
   size_t G1HeapRegionSize                         = 1048576                                   {product} {ergonomic}
    uintx GCDrainStackTargetSize                   = 64                                        {product} {ergonomic}
   size_t InitialHeapSize                          = 134217728                                 {product} {ergonomic}
   size_t MarkStackSize                            = 4194304                                   {product} {ergonomic}
   size_t MaxHeapSize                              = 2126512128                                {product} {ergonomic}
   size_t MaxNewSize                               = 1275068416                                {product} {ergonomic}
   size_t MinHeapDeltaBytes                        = 1048576                                   {product} {ergonomic}
   size_t MinHeapSize                              = 8388608                                   {product} {ergonomic}
    uintx NonNMethodCodeHeapSize                   = 5832780                                {pd product} {ergonomic}
    uintx NonProfiledCodeHeapSize                  = 122912730                              {pd product} {ergonomic}
    uintx ProfiledCodeHeapSize                     = 122912730                              {pd product} {ergonomic}
    uintx ReservedCodeCacheSize                    = 251658240                              {pd product} {ergonomic}
     bool SegmentedCodeCache                       = true                                      {product} {ergonomic}
   size_t SoftMaxHeapSize                          = 2126512128                             {manageable} {ergonomic}
     bool UseCompressedClassPointers               = true                           {product lp64_product} {ergonomic}
     bool UseCompressedOops                        = true                           {product lp64_product} {ergonomic}
     bool UseG1GC                                  = true                                      {product} {ergonomic}
     bool UseLargePagesIndividualAllocation        = false                                  {pd product} {ergonomic}

Logging:
Log output configuration:
 #0: stdout all=warning uptime,level,tags foldmultilines=false
 #1: stderr all=off uptime,level,tags foldmultilines=false

Environment Variables:
PATH=C:\WINDOWS\system32;C:\WINDOWS;C:\Program Files (x86)\Common Files\Oracle\Java\javapath;%path;C:\Users\levi\Desktop\programar\cursoprompt-Aula02\prompt\bin;C:\Program Files\nodejs\;C:\ProgramData\chocolatey\bin;C:\Program Files\MySQL\MySQL Server 8.0\bin;C:\Program Files\MySQL\MySQL Shell 8.0\bin\;C:\Users\levi\AppData\Local\Programs\Python\Python311\Scripts\;C:\Users\levi\AppData\Local\Programs\Python\Python311\;C:\Users\levi\AppData\Local\Microsoft\WindowsApps;C:\Program Files (x86)\HP\Common\HPDestPlgIn\;C:\Users\levi\AppData\Local\Programs\Microsoft VS Code\bin;C:\MinGW\bin;C:\Program Files\JetBrains\IntelliJ IDEA Community Edition 2023.1.1\bin;;C:\Users\levi\AppData\Roaming\npm;C:\tools\Cmder;
USERNAME=levi
OS=Windows_NT
PROCESSOR_IDENTIFIER=Intel64 Family 6 Model 69 Stepping 1, GenuineIntel
TMP=C:\Users\levi\AppData\Local\Temp
TEMP=C:\Users\levi\AppData\Local\Temp



---------------  S Y S T E M  ---------------

OS:
 Windows 10 , 64 bit Build 18362 (10.0.18362.1500)
OS uptime: 0 days 1:03 hours
Hyper-V role detected

CPU: total 4 (initial active 4) (2 cores per cpu, 2 threads per core) family 6 model 69 stepping 1 microcode 0x26, cx8, cmov, fxsr, ht, mmx, sse, sse2, sse3, ssse3, sse4.1, sse4.2, popcnt, lzcnt, tsc, tscinvbit, avx, avx2, aes, erms, clmul, bmi1, bmi2, fma, vzeroupper, clflush, hv, rdtscp

Memory: 4k page, system-wide physical 8107M (1689M free)
TotalPageFile size 10539M (AvailPageFile size 3417M)
current process WorkingSet (physical memory assigned to process): 105M, peak: 105M
current process commit charge ("private bytes"): 263M, peak: 263M

vm_info: Java HotSpot(TM) 64-Bit Server VM (19.0.1+10-21) for windows-amd64 JRE (19.0.1+10-21), built on 2022-09-14T12:45:06Z by "mach5one" with MS VC++ 17.1 (VS2022)

END.
